     diagonalizing the dynamical matrix ...

 q =       0.0000      0.0000      0.0000
 **************************************************************************
     freq (    1) =      -0.133107 [THz] =      -4.439974 [cm-1]
 ( -0.190006   0.000000    -0.007084   0.000000     0.254205   0.000000   )
 ( -0.190010   0.000000     0.006589   0.000000     0.254213   0.000000   )
 ( -0.187768   0.000000    -0.000256   0.000000     0.254140   0.000000   )
 ( -0.187769   0.000000    -0.000241   0.000000     0.254138   0.000000   )
 ( -0.186449   0.000000     0.003613   0.000000     0.252569   0.000000   )
 ( -0.190015   0.000000    -0.000256   0.000000     0.257189   0.000000   )
 ( -0.186440   0.000000    -0.004099   0.000000     0.252575   0.000000   )
 ( -0.186440   0.000000     0.003614   0.000000     0.252578   0.000000   )
 ( -0.190014   0.000000    -0.000241   0.000000     0.257178   0.000000   )
 ( -0.186423   0.000000    -0.004128   0.000000     0.252574   0.000000   )
     freq (    2) =      -0.117454 [THz] =      -3.917845 [cm-1]
 ( -0.002927   0.000000     0.315604   0.000000     0.005925   0.000000   )
 (  0.002645   0.000000     0.315613   0.000000    -0.005516   0.000000   )
 ( -0.000143   0.000000     0.315654   0.000000     0.000211   0.000000   )
 ( -0.000139   0.000000     0.315656   0.000000     0.000198   0.000000   )
 (  0.002655   0.000000     0.316969   0.000000    -0.000062   0.000000   )
 ( -0.000133   0.000000     0.315850   0.000000     0.000218   0.000000   )
 ( -0.002939   0.000000     0.316963   0.000000     0.000465   0.000000   )
 (  0.002667   0.000000     0.316968   0.000000    -0.000070   0.000000   )
 ( -0.000146   0.000000     0.315852   0.000000     0.000199   0.000000   )
 ( -0.002953   0.000000     0.316964   0.000000     0.000479   0.000000   )
     freq (    3) =      -0.023602 [THz] =      -0.787283 [cm-1]
 (  0.254866   0.000000    -0.000499   0.000000     0.187658   0.000000   )
 (  0.254867   0.000000     0.000480   0.000000     0.187658   0.000000   )
 (  0.254000   0.000000    -0.000010   0.000000     0.188391   0.000000   )
 (  0.254000   0.000000    -0.000006   0.000000     0.188390   0.000000   )
 (  0.253253   0.000000    -0.000583   0.000000     0.188762   0.000000   )
 (  0.254622   0.000000    -0.000011   0.000000     0.188274   0.000000   )
 (  0.253255   0.000000     0.000573   0.000000     0.188764   0.000000   )
 (  0.253257   0.000000    -0.000586   0.000000     0.188764   0.000000   )
 (  0.254622   0.000000    -0.000006   0.000000     0.188269   0.000000   )
 (  0.253261   0.000000     0.000564   0.000000     0.188763   0.000000   )
     freq (    4) =       6.446137 [THz] =     215.019996 [cm-1]
 ( -0.040487   0.000000     0.207668   0.000000     0.141174   0.000000   )
 (  0.040731   0.000000     0.207392   0.000000    -0.141524   0.000000   )
 ( -0.000073   0.000000    -0.048046   0.000000     0.000171   0.000000   )
 (  0.000004   0.000000    -0.047871   0.000000    -0.000097   0.000000   )
 ( -0.443998   0.000000    -0.112752   0.000000    -0.076009   0.000000   )
 (  0.000449   0.000000    -0.049920   0.000000     0.000320   0.000000   )
 (  0.443332   0.000000    -0.112362   0.000000     0.076053   0.000000   )
 ( -0.443837   0.000000    -0.112563   0.000000    -0.076275   0.000000   )
 (  0.000460   0.000000    -0.049738   0.000000     0.000026   0.000000   )
 (  0.443267   0.000000    -0.112547   0.000000     0.076351   0.000000   )
     freq (    5) =       6.496201 [THz] =     216.689937 [cm-1]
 (  0.065586   0.000000     0.139112   0.000000    -0.186338   0.000000   )
 (  0.065513   0.000000    -0.139538   0.000000    -0.186067   0.000000   )
 ( -0.017892   0.000000     0.000441   0.000000     0.043320   0.000000   )
 ( -0.017897   0.000000    -0.000347   0.000000     0.043329   0.000000   )
 ( -0.280909   0.000000    -0.054426   0.000000     0.010776   0.000000   )
 (  0.468280   0.000000     0.000469   0.000000     0.235440   0.000000   )
 ( -0.281799   0.000000     0.054654   0.000000     0.010637   0.000000   )
 ( -0.281122   0.000000    -0.055269   0.000000     0.010723   0.000000   )
 (  0.468275   0.000000    -0.000368   0.000000     0.235444   0.000000   )
 ( -0.282000   0.000000     0.055487   0.000000     0.010559   0.000000   )
     freq (    6) =       6.565816 [THz] =     219.012062 [cm-1]
 (  0.000255   0.000000     0.000110   0.000000    -0.000190   0.000000   )
 (  0.000228   0.000000    -0.000202   0.000000    -0.000125   0.000000   )
 ( -0.000080   0.000000    -0.331055   0.000000     0.000020   0.000000   )
 ( -0.000064   0.000000     0.331077   0.000000     0.000037   0.000000   )
 ( -0.090169   0.000000    -0.351922   0.000000    -0.024293   0.000000   )
 (  0.000430   0.000000    -0.354392   0.000000     0.000038   0.000000   )
 ( -0.090369   0.000000     0.351958   0.000000    -0.024319   0.000000   )
 (  0.089622   0.000000     0.351570   0.000000     0.024470   0.000000   )
 (  0.000458   0.000000     0.354419   0.000000     0.000072   0.000000   )
 (  0.089400   0.000000    -0.351512   0.000000     0.024425   0.000000   )
     freq (    7) =       6.605062 [THz] =     220.321141 [cm-1]
 (  0.322641   0.000000    -0.005196   0.000000     0.099104   0.000000   )
 (  0.322636   0.000000     0.005125   0.000000     0.099153   0.000000   )
 ( -0.105539   0.000000     0.000210   0.000000    -0.027554   0.000000   )
 ( -0.105625   0.000000    -0.000195   0.000000    -0.027195   0.000000   )
 ( -0.164215   0.000000    -0.275031   0.000000     0.120762   0.000000   )
 ( -0.093647   0.000000     0.000224   0.000000    -0.361512   0.000000   )
 ( -0.164516   0.000000     0.275058   0.000000     0.121104   0.000000   )
 ( -0.164465   0.000000    -0.275449   0.000000     0.121102   0.000000   )
 ( -0.093632   0.000000    -0.000210   0.000000    -0.361096   0.000000   )
 ( -0.164481   0.000000     0.275498   0.000000     0.120707   0.000000   )
     freq (    8) =       6.808833 [THz] =     227.118213 [cm-1]
 ( -0.000179   0.000000     0.000068   0.000000     0.000014   0.000000   )
 ( -0.000138   0.000000     0.000078   0.000000    -0.000105   0.000000   )
 (  0.080345   0.000000    -0.000002   0.000000    -0.319938   0.000000   )
 ( -0.080238   0.000000    -0.000014   0.000000     0.319962   0.000000   )
 (  0.132816   0.000000    -0.005274   0.000000    -0.328943   0.000000   )
 ( -0.016186   0.000000    -0.000001   0.000000    -0.372987   0.000000   )
 ( -0.132635   0.000000    -0.005539   0.000000     0.328835   0.000000   )
 ( -0.132983   0.000000     0.005463   0.000000     0.328775   0.000000   )
 (  0.016269   0.000000    -0.000014   0.000000     0.373323   0.000000   )
 (  0.133133   0.000000     0.005224   0.000000    -0.328889   0.000000   )
     freq (    9) =       9.060479 [THz] =     302.225064 [cm-1]
 ( -0.000013   0.000000    -0.000005   0.000000     0.000106   0.000000   )
 (  0.000020   0.000000    -0.000043   0.000000    -0.000124   0.000000   )
 (  0.209035   0.000000    -0.000008   0.000000     0.048061   0.000000   )
 ( -0.209036   0.000000     0.000010   0.000000    -0.048062   0.000000   )
 (  0.263578   0.000000     0.272660   0.000000    -0.101891   0.000000   )
 (  0.136437   0.000000    -0.000005   0.000000     0.356350   0.000000   )
 ( -0.263572   0.000000     0.272680   0.000000     0.101893   0.000000   )
 ( -0.263553   0.000000    -0.272630   0.000000     0.101890   0.000000   )
 ( -0.136458   0.000000     0.000017   0.000000    -0.356373   0.000000   )
 (  0.263570   0.000000    -0.272655   0.000000    -0.101887   0.000000   )
     freq (   10) =       9.259663 [THz] =     308.869097 [cm-1]
 (  0.042057   0.000000    -0.668091   0.000000    -0.145640   0.000000   )
 (  0.041983   0.000000     0.668109   0.000000    -0.145630   0.000000   )
 (  0.002211   0.000000    -0.000006   0.000000     0.003492   0.000000   )
 (  0.002203   0.000000    -0.000000   0.000000     0.003482   0.000000   )
 ( -0.059714   0.000000    -0.029808   0.000000     0.040122   0.000000   )
 (  0.063871   0.000000    -0.000000   0.000000     0.120206   0.000000   )
 ( -0.059728   0.000000     0.029831   0.000000     0.040124   0.000000   )
 ( -0.059681   0.000000    -0.029816   0.000000     0.040154   0.000000   )
 (  0.063865   0.000000    -0.000011   0.000000     0.120163   0.000000   )
 ( -0.059674   0.000000     0.029783   0.000000     0.040145   0.000000   )
     freq (   11) =       9.344152 [THz] =     311.687373 [cm-1]
 ( -0.184802   0.000000    -0.094970   0.000000     0.647190   0.000000   )
 (  0.184797   0.000000    -0.094943   0.000000    -0.647224   0.000000   )
 ( -0.000038   0.000000    -0.022223   0.000000     0.000001   0.000000   )
 (  0.000041   0.000000    -0.022221   0.000000     0.000011   0.000000   )
 (  0.120047   0.000000     0.065282   0.000000    -0.002544   0.000000   )
 ( -0.000014   0.000000     0.007205   0.000000    -0.000086   0.000000   )
 ( -0.120028   0.000000     0.065286   0.000000     0.002568   0.000000   )
 (  0.120178   0.000000     0.065442   0.000000    -0.002619   0.000000   )
 ( -0.000012   0.000000     0.007210   0.000000     0.000087   0.000000   )
 ( -0.120172   0.000000     0.065443   0.000000     0.002636   0.000000   )
     freq (   12) =       9.880901 [THz] =     329.591382 [cm-1]
 (  0.000027   0.000000    -0.000019   0.000000    -0.000003   0.000000   )
 ( -0.000039   0.000000    -0.000018   0.000000     0.000011   0.000000   )
 (  0.039244   0.000000     0.000022   0.000000    -0.072676   0.000000   )
 ( -0.039238   0.000000    -0.000011   0.000000     0.072674   0.000000   )
 ( -0.242677   0.000000    -0.022407   0.000000    -0.131302   0.000000   )
 (  0.576568   0.000000     0.000023   0.000000     0.087322   0.000000   )
 (  0.242451   0.000000    -0.022423   0.000000     0.131249   0.000000   )
 (  0.242640   0.000000     0.022404   0.000000     0.131300   0.000000   )
 ( -0.576562   0.000000    -0.000010   0.000000    -0.087324   0.000000   )
 ( -0.242406   0.000000     0.022426   0.000000    -0.131251   0.000000   )
     freq (   13) =       9.943078 [THz] =     331.665385 [cm-1]
 (  0.000007   0.000000    -0.000018   0.000000     0.000007   0.000000   )
 ( -0.000004   0.000000     0.000026   0.000000     0.000010   0.000000   )
 (  0.000004   0.000000    -0.083363   0.000000    -0.000015   0.000000   )
 ( -0.000006   0.000000     0.083360   0.000000     0.000013   0.000000   )
 (  0.477784   0.000000    -0.057601   0.000000     0.106345   0.000000   )
 (  0.000143   0.000000    -0.084255   0.000000     0.000036   0.000000   )
 (  0.477908   0.000000     0.057588   0.000000     0.106403   0.000000   )
 ( -0.477797   0.000000     0.057592   0.000000    -0.106349   0.000000   )
 ( -0.000127   0.000000     0.084253   0.000000    -0.000020   0.000000   )
 ( -0.477922   0.000000    -0.057590   0.000000    -0.106407   0.000000   )
     freq (   14) =      11.130324 [THz] =     371.267642 [cm-1]
 (  0.049561   0.000000     0.476996   0.000000     0.048305   0.000000   )
 ( -0.049738   0.000000     0.477121   0.000000    -0.047649   0.000000   )
 ( -0.000428   0.000000    -0.186960   0.000000    -0.000265   0.000000   )
 (  0.000498   0.000000    -0.186967   0.000000     0.000005   0.000000   )
 (  0.238782   0.000000    -0.177074   0.000000     0.023793   0.000000   )
 ( -0.000151   0.000000    -0.232785   0.000000     0.000203   0.000000   )
 ( -0.238902   0.000000    -0.177016   0.000000    -0.024142   0.000000   )
 (  0.239460   0.000000    -0.177694   0.000000     0.024377   0.000000   )
 (  0.000602   0.000000    -0.232804   0.000000    -0.000314   0.000000   )
 ( -0.239568   0.000000    -0.177636   0.000000    -0.024710   0.000000   )
     freq (   15) =      11.159858 [THz] =     372.252807 [cm-1]
 ( -0.132056   0.000000    -0.104826   0.000000     0.452542   0.000000   )
 ( -0.131905   0.000000     0.104144   0.000000     0.452595   0.000000   )
 (  0.053795   0.000000     0.000127   0.000000    -0.181517   0.000000   )
 (  0.053081   0.000000     0.000136   0.000000    -0.181711   0.000000   )
 ( -0.075749   0.000000    -0.047338   0.000000    -0.232960   0.000000   )
 (  0.314811   0.000000     0.000160   0.000000    -0.086291   0.000000   )
 ( -0.075927   0.000000     0.047154   0.000000    -0.233331   0.000000   )
 ( -0.076237   0.000000    -0.046886   0.000000    -0.233357   0.000000   )
 (  0.314211   0.000000     0.000167   0.000000    -0.085938   0.000000   )
 ( -0.075381   0.000000     0.047578   0.000000    -0.232924   0.000000   )
     freq (   16) =      11.184938 [THz] =     373.089387 [cm-1]
 (  0.000630   0.000000     0.000575   0.000000    -0.000204   0.000000   )
 ( -0.000421   0.000000     0.000414   0.000000    -0.000537   0.000000   )
 (  0.330234   0.000000    -0.000195   0.000000     0.088857   0.000000   )
 ( -0.330319   0.000000    -0.000187   0.000000    -0.088554   0.000000   )
 (  0.234098   0.000000    -0.211846   0.000000     0.189476   0.000000   )
 (  0.284513   0.000000    -0.000224   0.000000    -0.177055   0.000000   )
 ( -0.233967   0.000000    -0.211905   0.000000    -0.189084   0.000000   )
 ( -0.233483   0.000000     0.211529   0.000000    -0.189071   0.000000   )
 ( -0.285025   0.000000    -0.000214   0.000000     0.177200   0.000000   )
 (  0.233599   0.000000     0.211450   0.000000     0.189460   0.000000   )
     freq (   17) =      11.236923 [THz] =     374.823390 [cm-1]
 ( -0.675024   0.000000     0.050395   0.000000    -0.189129   0.000000   )
 (  0.675192  -0.000000     0.050447  -0.000000     0.189102  -0.000000   )
 (  0.000330   0.000000    -0.019264   0.000000     0.000097   0.000000   )
 ( -0.000422   0.000000    -0.019258   0.000000    -0.000099   0.000000   )
 (  0.019582   0.000000    -0.005807   0.000000     0.029526   0.000000   )
 (  0.000303   0.000000    -0.054921   0.000000    -0.000112   0.000000   )
 ( -0.019608   0.000000    -0.005909   0.000000    -0.029569   0.000000   )
 (  0.019072   0.000000    -0.005348   0.000000     0.029127   0.000000   )
 ( -0.000419   0.000000    -0.054915   0.000000     0.000239  -0.000000   )
 ( -0.019113   0.000000    -0.005468   0.000000    -0.029173   0.000000   )
     freq (   18) =      11.458949 [THz] =     382.229383 [cm-1]
 ( -0.368519   0.000000     0.001914   0.000000    -0.110931   0.000000   )
 ( -0.368315   0.000000    -0.001879   0.000000    -0.110860   0.000000   )
 (  0.204788   0.000000    -0.000006   0.000000     0.060825   0.000000   )
 (  0.204800   0.000000    -0.000004   0.000000     0.060816   0.000000   )
 (  0.104643   0.000000    -0.246674   0.000000     0.184278   0.000000   )
 (  0.192477   0.000000    -0.000013   0.000000    -0.240362   0.000000   )
 (  0.104638   0.000000     0.246668   0.000000     0.184260   0.000000   )
 (  0.104642   0.000000    -0.246674   0.000000     0.184269   0.000000   )
 (  0.192495   0.000000    -0.000011   0.000000    -0.240378   0.000000   )
 (  0.104624   0.000000     0.246664   0.000000     0.184266   0.000000   )
     freq (   19) =      21.571788 [THz] =     719.557384 [cm-1]
 (  0.000000   0.000000    -0.000012   0.000000     0.000001   0.000000   )
 ( -0.000002   0.000000     0.000009   0.000000     0.000003   0.000000   )
 ( -0.060660   0.000000    -0.000051   0.000000     0.214049   0.000000   )
 (  0.060633   0.000000     0.000039   0.000000    -0.213931   0.000000   )
 ( -0.042398   0.000000     0.332135   0.000000     0.127980   0.000000   )
 (  0.135283   0.000000    -0.000072   0.000000    -0.418953   0.000000   )
 (  0.042384   0.000000     0.331862   0.000000    -0.128056   0.000000   )
 (  0.042362   0.000000    -0.331951   0.000000    -0.127942   0.000000   )
 ( -0.135178   0.000000     0.000060   0.000000     0.418730   0.000000   )
 ( -0.042427   0.000000    -0.332021   0.000000     0.128134   0.000000   )
     freq (   20) =      21.591299 [THz] =     720.208204 [cm-1]
 (  0.000003   0.000000    -0.000000   0.000000    -0.000009   0.000000   )
 ( -0.000002   0.000000    -0.000003   0.000000     0.000008   0.000000   )
 ( -0.000014   0.000000     0.221260   0.000000     0.000038   0.000000   )
 (  0.000013   0.000000    -0.221361   0.000000    -0.000049   0.000000   )
 ( -0.059597   0.000000    -0.249489   0.000000     0.326539   0.000000   )
 (  0.000020   0.000000     0.325490   0.000000    -0.000076   0.000000   )
 ( -0.059583   0.000000     0.249740   0.000000     0.326638   0.000000   )
 (  0.059607   0.000000     0.249590   0.000000    -0.326694   0.000000   )
 ( -0.000033   0.000000    -0.325630   0.000000     0.000095   0.000000   )
 (  0.059586   0.000000    -0.249610   0.000000    -0.326489   0.000000   )
     freq (   21) =      21.870549 [THz] =     729.522975 [cm-1]
 (  0.000935   0.000000     0.038306   0.000000    -0.005606   0.000000   )
 (  0.000942   0.000000    -0.038301   0.000000    -0.005638   0.000000   )
 (  0.056158   0.000000     0.000096   0.000000    -0.228293   0.000000   )
 (  0.056196   0.000000     0.000107   0.000000    -0.228412   0.000000   )
 (  0.072413   0.000000    -0.324362   0.000000    -0.110135   0.000000   )
 ( -0.189769   0.000000     0.000127   0.000000     0.402307   0.000000   )
 (  0.072444   0.000000     0.324329   0.000000    -0.110492   0.000000   )
 (  0.072435   0.000000    -0.324556   0.000000    -0.110191   0.000000   )
 ( -0.189840   0.000000     0.000145   0.000000     0.402526   0.000000   )
 (  0.072422   0.000000     0.324160   0.000000    -0.110407   0.000000   )
     freq (   22) =      21.883472 [THz] =     729.954056 [cm-1]
 (  0.008713   0.000000    -0.005734   0.000000    -0.037176   0.000000   )
 ( -0.008713   0.000000    -0.005768   0.000000     0.037171   0.000000   )
 (  0.000024   0.000000    -0.234734   0.000000    -0.000105   0.000000   )
 (  0.000021   0.000000    -0.234628   0.000000    -0.000093   0.000000   )
 (  0.009512   0.000000     0.248650   0.000000    -0.332457   0.000000   )
 ( -0.000080   0.000000    -0.314111   0.000000     0.000185   0.000000   )
 ( -0.009422   0.000000     0.248820   0.000000     0.332213   0.000000   )
 (  0.009482   0.000000     0.248558   0.000000    -0.332301   0.000000   )
 ( -0.000080   0.000000    -0.313961   0.000000     0.000163   0.000000   )
 ( -0.009447   0.000000     0.248949   0.000000     0.332354   0.000000   )
     freq (   23) =      24.785993 [THz] =     826.771722 [cm-1]
 (  0.012381   0.000000     0.001730   0.000000     0.004751   0.000000   )
 (  0.012382   0.000000    -0.001730   0.000000     0.004752   0.000000   )
 (  0.623355   0.000000     0.000000   0.000000     0.156970   0.000000   )
 (  0.623287   0.000000    -0.000001   0.000000     0.156954   0.000000   )
 ( -0.158613   0.000000     0.024209   0.000000    -0.056259   0.000000   )
 ( -0.169328   0.000000    -0.000003   0.000000    -0.013241   0.000000   )
 ( -0.158593   0.000000    -0.024203   0.000000    -0.056255   0.000000   )
 ( -0.158593   0.000000     0.024208   0.000000    -0.056253   0.000000   )
 ( -0.169307   0.000000    -0.000004   0.000000    -0.013239   0.000000   )
 ( -0.158612   0.000000    -0.024206   0.000000    -0.056262   0.000000   )
     freq (   24) =      25.033414 [THz] =     835.024806 [cm-1]
 ( -0.000000   0.000000    -0.000000   0.000000    -0.000000   0.000000   )
 ( -0.000001   0.000000    -0.000001   0.000000    -0.000000   0.000000   )
 (  0.609979   0.000000     0.000000   0.000000     0.156459   0.000000   )
 ( -0.610049   0.000000    -0.000000   0.000000    -0.156478   0.000000   )
 ( -0.175841   0.000000     0.025084   0.000000    -0.054724   0.000000   )
 ( -0.183685   0.000000    -0.000002   0.000000    -0.023698   0.000000   )
 (  0.175859   0.000000     0.025087   0.000000     0.054733   0.000000   )
 (  0.175859   0.000000    -0.025087   0.000000     0.054731   0.000000   )
 (  0.183703   0.000000    -0.000000   0.000000     0.023701   0.000000   )
 ( -0.175840   0.000000    -0.025081   0.000000    -0.054727   0.000000   )
     freq (   25) =      32.872017 [THz] =    1096.492477 [cm-1]
 (  0.000001   0.000000    -0.000005   0.000000    -0.000000   0.000000   )
 ( -0.000001   0.000000     0.000018   0.000000     0.000000   0.000000   )
 ( -0.000003   0.000000     0.000795   0.000000    -0.000000   0.000000   )
 (  0.000002   0.000000    -0.000807   0.000000     0.000000   0.000000   )
 ( -0.087671   0.000000     0.203850   0.000000     0.342903   0.000000   )
 ( -0.000002   0.000000    -0.407895   0.000000    -0.000002   0.000000   )
 ( -0.087668   0.000000    -0.203842   0.000000     0.342885   0.000000   )
 (  0.087668   0.000000    -0.203841   0.000000    -0.342884   0.000000   )
 ( -0.000004   0.000000     0.407874   0.000000    -0.000001   0.000000   )
 (  0.087673   0.000000     0.203848   0.000000    -0.342901   0.000000   )
     freq (   26) =      32.909622 [THz] =    1097.746822 [cm-1]
 (  0.033388   0.000000    -0.000116   0.000000     0.008696   0.000000   )
 ( -0.033388   0.000000    -0.000123   0.000000    -0.008696   0.000000   )
 ( -0.000008   0.000000     0.001014   0.000000    -0.000001   0.000000   )
 ( -0.000003   0.000000     0.001027   0.000000    -0.000000   0.000000   )
 ( -0.087908   0.000000     0.203862   0.000000     0.342227   0.000000   )
 ( -0.000001   0.000000    -0.407397   0.000000    -0.000003   0.000000   )
 (  0.087914   0.000000     0.203874   0.000000    -0.342242   0.000000   )
 ( -0.087913   0.000000     0.203872   0.000000     0.342240   0.000000   )
 (  0.000004   0.000000    -0.407417   0.000000     0.000003   0.000000   )
 (  0.087911   0.000000     0.203861   0.000000    -0.342225   0.000000   )
     freq (   27) =      42.918216 [THz] =    1431.597595 [cm-1]
 (  0.003504   0.000000     0.018709   0.000000    -0.013330   0.000000   )
 ( -0.003503   0.000000     0.018710   0.000000     0.013327   0.000000   )
 ( -0.000015   0.000000    -0.624409   0.000000     0.000062   0.000000   )
 ( -0.000006   0.000000    -0.624416   0.000000     0.000023   0.000000   )
 ( -0.026026   0.000000     0.085810   0.000000     0.102907   0.000000   )
 (  0.000000   0.000000     0.268877   0.000000    -0.000003   0.000000   )
 (  0.026035   0.000000     0.085829   0.000000    -0.102939   0.000000   )
 ( -0.026031   0.000000     0.085820   0.000000     0.102923   0.000000   )
 ( -0.000000   0.000000     0.268874   0.000000    -0.000001   0.000000   )
 (  0.026037   0.000000     0.085832   0.000000    -0.102948   0.000000   )
     freq (   28) =      42.956839 [THz] =    1432.885910 [cm-1]
 (  0.004527   0.000000    -0.012646   0.000000    -0.018047   0.000000   )
 (  0.004528   0.000000     0.012644   0.000000    -0.018049   0.000000   )
 ( -0.153454   0.000000     0.000020   0.000000     0.604977   0.000000   )
 ( -0.153450   0.000000     0.000067   0.000000     0.604962   0.000000   )
 (  0.051595   0.000000    -0.106438   0.000000    -0.201772   0.000000   )
 (  0.005254   0.000000    -0.000009   0.000000    -0.023050   0.000000   )
 (  0.051591   0.000000     0.106425   0.000000    -0.201752   0.000000   )
 (  0.051597   0.000000    -0.106444   0.000000    -0.201775   0.000000   )
 (  0.005254   0.000000    -0.000029   0.000000    -0.023049   0.000000   )
 (  0.051594   0.000000     0.106433   0.000000    -0.201764   0.000000   )
     freq (   29) =      43.470219 [THz] =    1450.010443 [cm-1]
 (  0.000000   0.000000    -0.000000   0.000000    -0.000000   0.000000   )
 ( -0.000000   0.000000     0.000000   0.000000    -0.000001   0.000000   )
 (  0.000002   0.000000     0.629026   0.000000    -0.000011   0.000000   )
 ( -0.000014   0.000000    -0.629021   0.000000     0.000057   0.000000   )
 (  0.028179   0.000000    -0.091292   0.000000    -0.094432   0.000000   )
 ( -0.000001   0.000000    -0.261222   0.000000     0.000001   0.000000   )
 (  0.028186   0.000000     0.091306   0.000000    -0.094457   0.000000   )
 ( -0.028176   0.000000     0.091287   0.000000     0.094420   0.000000   )
 (  0.000002   0.000000     0.261213   0.000000    -0.000002   0.000000   )
 ( -0.028182   0.000000    -0.091295   0.000000     0.094439   0.000000   )
     freq (   30) =      43.537094 [THz] =    1452.241131 [cm-1]
 (  0.000000   0.000000     0.000001   0.000000    -0.000001   0.000000   )
 (  0.000000   0.000000     0.000001   0.000000     0.000000   0.000000   )
 (  0.153859   0.000000    -0.000055   0.000000    -0.610381   0.000000   )
 ( -0.153862   0.000000     0.000015   0.000000     0.610394   0.000000   )
 ( -0.047172   0.000000     0.098155   0.000000     0.198600   0.000000   )
 ( -0.012061   0.000000     0.000023   0.000000     0.031814   0.000000   )
 (  0.047170   0.000000     0.098148   0.000000    -0.198594   0.000000   )
 (  0.047172   0.000000    -0.098153   0.000000    -0.198599   0.000000   )
 (  0.012061   0.000000    -0.000006   0.000000    -0.031814   0.000000   )
 ( -0.047168   0.000000    -0.098139   0.000000     0.198584   0.000000   )
 **************************************************************************
