     diagonalizing the dynamical matrix ...

 q =       0.0000      0.0000      0.0000
 **************************************************************************
     freq (    1) =      -0.176790 [THz] =      -5.897081 [cm-1]
 ( -0.008988   0.000000     0.008196   0.000000    -0.291151   0.000000   )
 (  0.008986   0.000000    -0.008195   0.000000    -0.291151   0.000000   )
 (  0.000007   0.000000     0.000002   0.000000    -0.287368   0.000000   )
 ( -0.000009   0.000000    -0.000001   0.000000    -0.287367   0.000000   )
 (  0.000021   0.000000     0.000003   0.000000    -0.289974   0.000000   )
 ( -0.000023   0.000000    -0.000003   0.000000    -0.289973   0.000000   )
 ( -0.000004   0.000000    -0.000012   0.000000    -0.286933   0.000000   )
 (  0.000002   0.000000     0.000013   0.000000    -0.286934   0.000000   )
 ( -0.002567   0.000000    -0.002091   0.000000    -0.288153   0.000000   )
 (  0.002565   0.000000     0.002091   0.000000    -0.288153   0.000000   )
 ( -0.002581   0.000000    -0.002082   0.000000    -0.288156   0.000000   )
 (  0.002578   0.000000     0.002083   0.000000    -0.288156   0.000000   )
     freq (    2) =      -0.159971 [THz] =      -5.336068 [cm-1]
 (  0.254211   0.000000    -0.134236   0.000000    -0.008108   0.000000   )
 (  0.254211   0.000000    -0.134236   0.000000     0.008106   0.000000   )
 (  0.252642   0.000000    -0.138401   0.000000     0.000020   0.000000   )
 (  0.252642   0.000000    -0.138401   0.000000    -0.000022   0.000000   )
 (  0.259883   0.000000    -0.138588   0.000000     0.000006   0.000000   )
 (  0.259883   0.000000    -0.138589   0.000000    -0.000009   0.000000   )
 (  0.250486   0.000000    -0.132737   0.000000     0.000001   0.000000   )
 (  0.250486   0.000000    -0.132737   0.000000    -0.000003   0.000000   )
 (  0.250934   0.000000    -0.143676   0.000000     0.000933   0.000000   )
 (  0.250934   0.000000    -0.143676   0.000000    -0.000935   0.000000   )
 (  0.250899   0.000000    -0.143660   0.000000     0.000864   0.000000   )
 (  0.250899   0.000000    -0.143660   0.000000    -0.000866   0.000000   )
     freq (    3) =      -0.057227 [THz] =      -1.908896 [cm-1]
 ( -0.138965   0.000000    -0.255299   0.000000    -0.000865   0.000000   )
 ( -0.138965   0.000000    -0.255299   0.000000     0.000866   0.000000   )
 ( -0.138316   0.000000    -0.253013   0.000000    -0.000005   0.000000   )
 ( -0.138316   0.000000    -0.253013   0.000000     0.000006   0.000000   )
 ( -0.145310   0.000000    -0.253144   0.000000    -0.000015   0.000000   )
 ( -0.145310   0.000000    -0.253144   0.000000     0.000015   0.000000   )
 ( -0.135373   0.000000    -0.259942   0.000000    -0.000008   0.000000   )
 ( -0.135373   0.000000    -0.259942   0.000000     0.000009   0.000000   )
 ( -0.135768   0.000000    -0.249411   0.000000     0.000194   0.000000   )
 ( -0.135769   0.000000    -0.249411   0.000000    -0.000193   0.000000   )
 ( -0.135757   0.000000    -0.249403   0.000000     0.000209   0.000000   )
 ( -0.135757   0.000000    -0.249403   0.000000    -0.000208   0.000000   )
     freq (    4) =       3.260685 [THz] =     108.764758 [cm-1]
 ( -0.077268   0.000000    -0.129937   0.000000     0.000828   0.000000   )
 ( -0.077267   0.000000    -0.129937   0.000000    -0.000828   0.000000   )
 (  0.015604   0.000000     0.017980   0.000000    -0.000012   0.000000   )
 (  0.015606   0.000000     0.017986   0.000000     0.000012   0.000000   )
 ( -0.378308   0.000000     0.011668   0.000000    -0.000001   0.000000   )
 ( -0.378277   0.000000     0.011675   0.000000     0.000002   0.000000   )
 (  0.166975   0.000000    -0.345473   0.000000     0.000002   0.000000   )
 (  0.166983   0.000000    -0.345505   0.000000    -0.000001   0.000000   )
 (  0.170202   0.000000     0.253141   0.000000     0.000690   0.000000   )
 (  0.170195   0.000000     0.253132   0.000000    -0.000690   0.000000   )
 (  0.170214   0.000000     0.253120   0.000000     0.000730   0.000000   )
 (  0.170221   0.000000     0.253129   0.000000    -0.000730   0.000000   )
     freq (    5) =       4.212309 [THz] =     140.507501 [cm-1]
 ( -0.000143   0.000000     0.000112   0.000000     0.000147   0.000000   )
 (  0.000200   0.000000    -0.000100   0.000000     0.000155   0.000000   )
 (  0.000019   0.000000    -0.000010   0.000000    -0.255367   0.000000   )
 (  0.000021   0.000000    -0.000006   0.000000     0.255308   0.000000   )
 (  0.000029   0.000000    -0.000012   0.000000    -0.059592   0.000000   )
 (  0.000050   0.000000    -0.000006   0.000000     0.059865   0.000000   )
 (  0.000009   0.000000     0.000021   0.000000     0.062231   0.000000   )
 (  0.000012   0.000000    -0.000000   0.000000    -0.061959   0.000000   )
 ( -0.184944   0.000000     0.123474   0.000000    -0.405610   0.000000   )
 ( -0.184501   0.000000     0.123179   0.000000     0.405179   0.000000   )
 (  0.184526   0.000000    -0.123225   0.000000     0.405186   0.000000   )
 (  0.184973   0.000000    -0.123512   0.000000    -0.405617   0.000000   )
     freq (    6) =       4.223297 [THz] =     140.874018 [cm-1]
 (  0.000029   0.000000    -0.000037   0.000000    -0.000029   0.000000   )
 ( -0.000033   0.000000     0.000030   0.000000    -0.000029   0.000000   )
 (  0.057660   0.000000     0.087537   0.000000     0.000011   0.000000   )
 ( -0.057659   0.000000    -0.087535   0.000000     0.000021   0.000000   )
 (  0.473585   0.000000     0.113204   0.000000    -0.000013   0.000000   )
 ( -0.473613   0.000000    -0.113202   0.000000    -0.000011   0.000000   )
 (  0.082241   0.000000    -0.477904   0.000000    -0.000037   0.000000   )
 ( -0.082229   0.000000     0.477880   0.000000    -0.000039   0.000000   )
 ( -0.049840   0.000000    -0.076744   0.000000     0.000638   0.000000   )
 (  0.049843   0.000000     0.076765   0.000000     0.000654   0.000000   )
 (  0.049976   0.000000     0.076723   0.000000    -0.000518   0.000000   )
 ( -0.049958   0.000000    -0.076712   0.000000    -0.000535   0.000000   )
     freq (    7) =       4.443945 [THz] =     148.234040 [cm-1]
 ( -0.193641   0.000000     0.122797   0.000000     0.201227   0.000000   )
 (  0.193641   0.000000    -0.122797   0.000000     0.201227   0.000000   )
 ( -0.000008   0.000000     0.000035   0.000000    -0.041674   0.000000   )
 (  0.000008   0.000000    -0.000035   0.000000    -0.042067   0.000000   )
 (  0.000076   0.000000     0.000041   0.000000     0.162927   0.000000   )
 ( -0.000075   0.000000    -0.000041   0.000000     0.162871   0.000000   )
 (  0.000036   0.000000    -0.000115   0.000000     0.164364   0.000000   )
 ( -0.000036   0.000000     0.000115   0.000000     0.164423   0.000000   )
 ( -0.270588   0.000000     0.175071   0.000000    -0.267697   0.000000   )
 (  0.270899   0.000000    -0.175278   0.000000    -0.268345   0.000000   )
 ( -0.270840   0.000000     0.175275   0.000000    -0.268351   0.000000   )
 (  0.270529   0.000000    -0.175068   0.000000    -0.267702   0.000000   )
     freq (    8) =       5.009216 [THz] =     167.089449 [cm-1]
 ( -0.160979   0.000000    -0.247164   0.000000    -0.000223   0.000000   )
 (  0.160979   0.000000     0.247164   0.000000    -0.000223   0.000000   )
 (  0.000010   0.000000     0.000004   0.000000    -0.002332   0.000000   )
 ( -0.000010   0.000000    -0.000004   0.000000    -0.002334   0.000000   )
 ( -0.000023   0.000000     0.000002   0.000000     0.227323   0.000000   )
 (  0.000023   0.000000    -0.000002   0.000000     0.227351   0.000000   )
 ( -0.000023   0.000000     0.000023   0.000000    -0.231688   0.000000   )
 (  0.000023   0.000000    -0.000023   0.000000    -0.231660   0.000000   )
 (  0.215137   0.000000     0.327936   0.000000    -0.002357   0.000000   )
 ( -0.215140   0.000000    -0.327944   0.000000    -0.002360   0.000000   )
 (  0.215108   0.000000     0.327913   0.000000    -0.002360   0.000000   )
 ( -0.215105   0.000000    -0.327905   0.000000    -0.002357   0.000000   )
     freq (    9) =       6.217460 [THz] =     207.392141 [cm-1]
 (  0.000007   0.000000     0.000037   0.000000     0.000055   0.000000   )
 ( -0.000010   0.000000    -0.000035   0.000000     0.000052   0.000000   )
 (  0.254451   0.000000    -0.160188   0.000000    -0.000004   0.000000   )
 ( -0.254450   0.000000     0.160188   0.000000    -0.000004   0.000000   )
 (  0.281739   0.000000    -0.179333   0.000000     0.000009   0.000000   )
 ( -0.281738   0.000000     0.179333   0.000000     0.000009   0.000000   )
 ( -0.286748   0.000000     0.186981   0.000000     0.000003   0.000000   )
 (  0.286748   0.000000    -0.186979   0.000000     0.000003   0.000000   )
 (  0.256346   0.000000    -0.156895   0.000000     0.009657   0.000000   )
 ( -0.256345   0.000000     0.156894   0.000000     0.009657   0.000000   )
 ( -0.256379   0.000000     0.156925   0.000000    -0.009697   0.000000   )
 (  0.256380   0.000000    -0.156927   0.000000    -0.009698   0.000000   )
     freq (   10) =       6.622673 [THz] =     220.908593 [cm-1]
 ( -0.310035   0.000000    -0.488035   0.000000     0.009284   0.000000   )
 (  0.310035   0.000000     0.488035   0.000000     0.009284   0.000000   )
 ( -0.000284   0.000000    -0.000488   0.000000    -0.003146   0.000000   )
 (  0.000284   0.000000     0.000488   0.000000    -0.003146   0.000000   )
 (  0.000122   0.000000    -0.000504   0.000000    -0.114576   0.000000   )
 ( -0.000123   0.000000     0.000504   0.000000    -0.114590   0.000000   )
 (  0.000458   0.000000     0.000120   0.000000     0.106885   0.000000   )
 ( -0.000458   0.000000    -0.000121   0.000000     0.106869   0.000000   )
 ( -0.141935   0.000000    -0.225355   0.000000     0.000154   0.000000   )
 (  0.141938   0.000000     0.225357   0.000000     0.000153   0.000000   )
 ( -0.141155   0.000000    -0.224046   0.000000     0.000148   0.000000   )
 (  0.141152   0.000000     0.224044   0.000000     0.000150   0.000000   )
     freq (   11) =       6.646155 [THz] =     221.691855 [cm-1]
 ( -0.000502   0.000000    -0.000835   0.000000     0.000046   0.000000   )
 (  0.000504   0.000000     0.000838   0.000000     0.000046   0.000000   )
 (  0.150052   0.000000     0.241408   0.000000    -0.000013   0.000000   )
 ( -0.150053   0.000000    -0.241409   0.000000    -0.000013   0.000000   )
 ( -0.052185   0.000000     0.248525   0.000000    -0.000209   0.000000   )
 (  0.052189   0.000000    -0.248525   0.000000    -0.000210   0.000000   )
 ( -0.237183   0.000000    -0.055963   0.000000     0.000180   0.000000   )
 (  0.237180   0.000000     0.055966   0.000000     0.000180   0.000000   )
 (  0.204204   0.000000     0.324956   0.000000    -0.000712   0.000000   )
 ( -0.204206   0.000000    -0.324959   0.000000    -0.000712   0.000000   )
 ( -0.204698   0.000000    -0.325779   0.000000     0.000712   0.000000   )
 (  0.204696   0.000000     0.325777   0.000000     0.000712   0.000000   )
     freq (   12) =       7.572522 [THz] =     252.592147 [cm-1]
 ( -0.000004   0.000000     0.000025   0.000000    -0.000020   0.000000   )
 (  0.000021   0.000000     0.000016   0.000000    -0.000012   0.000000   )
 ( -0.000006   0.000000    -0.000006   0.000000    -0.001074   0.000000   )
 ( -0.000006   0.000000    -0.000006   0.000000     0.001085   0.000000   )
 ( -0.000021   0.000000    -0.000009   0.000000     0.358444   0.000000   )
 ( -0.000021   0.000000    -0.000009   0.000000    -0.358449   0.000000   )
 (  0.000000   0.000000    -0.000018   0.000000     0.366006   0.000000   )
 ( -0.000000   0.000000    -0.000018   0.000000    -0.365990   0.000000   )
 (  0.192180   0.000000     0.286089   0.000000     0.001779   0.000000   )
 (  0.192164   0.000000     0.286056   0.000000    -0.001771   0.000000   )
 ( -0.192183   0.000000    -0.286076   0.000000    -0.001771   0.000000   )
 ( -0.192199   0.000000    -0.286110   0.000000     0.001779   0.000000   )
     freq (   13) =       7.602831 [THz] =     253.603157 [cm-1]
 ( -0.343754   0.000000     0.208844   0.000000    -0.493766   0.000000   )
 (  0.343753   0.000000    -0.208844   0.000000    -0.493766   0.000000   )
 (  0.000027   0.000000     0.000008   0.000000     0.173472   0.000000   )
 ( -0.000026   0.000000    -0.000008   0.000000     0.173503   0.000000   )
 (  0.000015   0.000000     0.000008   0.000000     0.096724   0.000000   )
 ( -0.000014   0.000000    -0.000008   0.000000     0.096857   0.000000   )
 ( -0.000032   0.000000     0.000005   0.000000     0.099679   0.000000   )
 (  0.000032   0.000000    -0.000005   0.000000     0.099619   0.000000   )
 ( -0.077151   0.000000     0.045512   0.000000     0.120324   0.000000   )
 (  0.077209   0.000000    -0.045591   0.000000     0.120286   0.000000   )
 ( -0.077270   0.000000     0.045558   0.000000     0.120287   0.000000   )
 (  0.077212   0.000000    -0.045479   0.000000     0.120325   0.000000   )
     freq (   14) =       7.886910 [THz] =     263.078997 [cm-1]
 (  0.299942   0.000000     0.451608   0.000000    -0.003025   0.000000   )
 (  0.299942   0.000000     0.451608   0.000000     0.003024   0.000000   )
 ( -0.026684   0.000000    -0.037881   0.000000    -0.000004   0.000000   )
 ( -0.026684   0.000000    -0.037880   0.000000     0.000004   0.000000   )
 ( -0.276372   0.000000    -0.099415   0.000000    -0.000037   0.000000   )
 ( -0.276370   0.000000    -0.099413   0.000000     0.000037   0.000000   )
 (  0.016215   0.000000    -0.289012   0.000000    -0.000012   0.000000   )
 (  0.016215   0.000000    -0.289014   0.000000     0.000012   0.000000   )
 ( -0.072248   0.000000    -0.108271   0.000000     0.000950   0.000000   )
 ( -0.072247   0.000000    -0.108270   0.000000    -0.000950   0.000000   )
 ( -0.072240   0.000000    -0.108214   0.000000     0.000940   0.000000   )
 ( -0.072241   0.000000    -0.108216   0.000000    -0.000940   0.000000   )
     freq (   15) =       8.776057 [THz] =     292.737736 [cm-1]
 ( -0.000005   0.000000    -0.000011   0.000000     0.000023   0.000000   )
 ( -0.000056   0.000000     0.000017   0.000000     0.000076   0.000000   )
 (  0.000005   0.000000    -0.000001   0.000000    -0.202982   0.000000   )
 (  0.000005   0.000000    -0.000001   0.000000     0.202943   0.000000   )
 (  0.000016   0.000000    -0.000000   0.000000    -0.384209   0.000000   )
 (  0.000016   0.000000    -0.000000   0.000000     0.384168   0.000000   )
 (  0.000005   0.000000     0.000002   0.000000     0.374919   0.000000   )
 (  0.000005   0.000000     0.000002   0.000000    -0.374961   0.000000   )
 (  0.241514   0.000000    -0.162314   0.000000     0.025677   0.000000   )
 (  0.241457   0.000000    -0.162277   0.000000    -0.025671   0.000000   )
 ( -0.241444   0.000000     0.162286   0.000000    -0.025678   0.000000   )
 ( -0.241502   0.000000     0.162322   0.000000     0.025684   0.000000   )
     freq (   16) =      10.251600 [THz] =     341.956565 [cm-1]
 (  0.334245   0.000000    -0.219236   0.000000     0.450421   0.000000   )
 (  0.334245   0.000000    -0.219236   0.000000    -0.450421   0.000000   )
 ( -0.031532   0.000000     0.020361   0.000000    -0.000017   0.000000   )
 ( -0.031532   0.000000     0.020360   0.000000     0.000017   0.000000   )
 ( -0.252255   0.000000     0.035722   0.000000    -0.000024   0.000000   )
 ( -0.252258   0.000000     0.035722   0.000000     0.000024   0.000000   )
 ( -0.135752   0.000000     0.222424   0.000000     0.000027   0.000000   )
 ( -0.135750   0.000000     0.222420   0.000000    -0.000027   0.000000   )
 ( -0.018788   0.000000     0.011186   0.000000     0.032871   0.000000   )
 ( -0.018785   0.000000     0.011184   0.000000    -0.032874   0.000000   )
 ( -0.018826   0.000000     0.011202   0.000000     0.032874   0.000000   )
 ( -0.018830   0.000000     0.011205   0.000000    -0.032870   0.000000   )
     freq (   17) =      11.448576 [THz] =     381.883385 [cm-1]
 ( -0.374464   0.000000     0.247775   0.000000     0.277938   0.000000   )
 (  0.374464   0.000000    -0.247775   0.000000     0.277938   0.000000   )
 ( -0.000007   0.000000     0.000002   0.000000    -0.017409   0.000000   )
 (  0.000007   0.000000    -0.000002   0.000000    -0.017430   0.000000   )
 ( -0.000008   0.000000     0.000006   0.000000    -0.276100   0.000000   )
 (  0.000009   0.000000    -0.000006   0.000000    -0.276136   0.000000   )
 (  0.000008   0.000000    -0.000001   0.000000    -0.278079   0.000000   )
 ( -0.000008   0.000000     0.000000   0.000000    -0.278043   0.000000   )
 (  0.131271   0.000000    -0.085705   0.000000     0.095133   0.000000   )
 ( -0.131291   0.000000     0.085719   0.000000     0.095132   0.000000   )
 (  0.131314   0.000000    -0.085724   0.000000     0.095145   0.000000   )
 ( -0.131294   0.000000     0.085710   0.000000     0.095145   0.000000   )
     freq (   18) =      12.509998 [THz] =     417.288605 [cm-1]
 ( -0.307150   0.000000     0.206146   0.000000     0.503052   0.000000   )
 ( -0.307150   0.000000     0.206146   0.000000    -0.503053   0.000000   )
 (  0.081219   0.000000    -0.054025   0.000000    -0.000001   0.000000   )
 (  0.081219   0.000000    -0.054025   0.000000     0.000001   0.000000   )
 (  0.203696   0.000000    -0.078223   0.000000    -0.000003   0.000000   )
 (  0.203705   0.000000    -0.078223   0.000000     0.000003   0.000000   )
 (  0.153421   0.000000    -0.162702   0.000000     0.000000   0.000000   )
 (  0.153417   0.000000    -0.162693   0.000000    -0.000000   0.000000   )
 ( -0.019026   0.000000     0.012009   0.000000    -0.031247   0.000000   )
 ( -0.019029   0.000000     0.012011   0.000000     0.031248   0.000000   )
 ( -0.019031   0.000000     0.012003   0.000000    -0.031245   0.000000   )
 ( -0.019028   0.000000     0.012001   0.000000     0.031244   0.000000   )
     freq (   19) =      13.338605 [THz] =     444.927980 [cm-1]
 (  0.000001   0.000000     0.000001   0.000000     0.000001   0.000000   )
 (  0.000006   0.000000    -0.000006   0.000000     0.000003   0.000000   )
 (  0.022140   0.000000    -0.011206   0.000000    -0.000000   0.000000   )
 ( -0.022142   0.000000     0.011207   0.000000    -0.000000   0.000000   )
 ( -0.365178   0.000000    -0.040705   0.000000     0.000017   0.000000   )
 (  0.365172   0.000000     0.040706   0.000000     0.000017   0.000000   )
 (  0.101606   0.000000    -0.351340   0.000000    -0.000017   0.000000   )
 ( -0.101609   0.000000     0.351345   0.000000    -0.000017   0.000000   )
 (  0.238545   0.000000    -0.158329   0.000000     0.182578   0.000000   )
 ( -0.238545   0.000000     0.158329   0.000000     0.182578   0.000000   )
 ( -0.238551   0.000000     0.158309   0.000000    -0.182576   0.000000   )
 (  0.238551   0.000000    -0.158309   0.000000    -0.182576   0.000000   )
     freq (   20) =      13.993720 [THz] =     466.780269 [cm-1]
 (  0.018688   0.000000     0.027427   0.000000    -0.000214   0.000000   )
 ( -0.018688   0.000000    -0.027427   0.000000    -0.000214   0.000000   )
 ( -0.000000   0.000000    -0.000001   0.000000     0.000014   0.000000   )
 (  0.000000   0.000000     0.000001   0.000000     0.000014   0.000000   )
 (  0.000007   0.000000    -0.000000   0.000000     0.439571   0.000000   )
 ( -0.000007   0.000000     0.000000   0.000000     0.439734   0.000000   )
 ( -0.000009   0.000000     0.000012   0.000000    -0.438625   0.000000   )
 (  0.000009   0.000000    -0.000013   0.000000    -0.438460   0.000000   )
 ( -0.130477   0.000000    -0.198929   0.000000     0.000026   0.000000   )
 (  0.130593   0.000000     0.199106   0.000000     0.000026   0.000000   )
 ( -0.130557   0.000000    -0.199105   0.000000     0.000044   0.000000   )
 (  0.130441   0.000000     0.198928   0.000000     0.000044   0.000000   )
     freq (   21) =      14.315431 [THz] =     477.511371 [cm-1]
 ( -0.182786   0.000000     0.119783   0.000000    -0.000097   0.000000   )
 ( -0.182786   0.000000     0.119783   0.000000     0.000097   0.000000   )
 (  0.034817   0.000000    -0.023347   0.000000     0.000003   0.000000   )
 (  0.034819   0.000000    -0.023347   0.000000    -0.000003   0.000000   )
 ( -0.275755   0.000000    -0.068987   0.000000     0.000096   0.000000   )
 ( -0.275753   0.000000    -0.068987   0.000000    -0.000096   0.000000   )
 ( -0.046584   0.000000     0.279427   0.000000     0.000086   0.000000   )
 ( -0.046585   0.000000     0.279429   0.000000    -0.000087   0.000000   )
 (  0.262918   0.000000    -0.172078   0.000000     0.214429   0.000000   )
 (  0.262919   0.000000    -0.172078   0.000000    -0.214431   0.000000   )
 (  0.263027   0.000000    -0.171917   0.000000     0.214429   0.000000   )
 (  0.263026   0.000000    -0.171916   0.000000    -0.214426   0.000000   )
     freq (   22) =      14.387377 [THz] =     479.911234 [cm-1]
 (  0.000048   0.000000    -0.000025   0.000000     0.000003   0.000000   )
 (  0.000038   0.000000    -0.000040   0.000000    -0.000003   0.000000   )
 ( -0.000008   0.000000     0.000006   0.000000    -0.000663   0.000000   )
 ( -0.000008   0.000000     0.000006   0.000000     0.000663   0.000000   )
 (  0.000067   0.000000     0.000018   0.000000     0.344296   0.000000   )
 (  0.000067   0.000000     0.000018   0.000000    -0.344056   0.000000   )
 (  0.000017   0.000000    -0.000070   0.000000     0.344977   0.000000   )
 (  0.000017   0.000000    -0.000070   0.000000    -0.345217   0.000000   )
 ( -0.198470   0.000000    -0.303116   0.000000    -0.000392   0.000000   )
 ( -0.198407   0.000000    -0.303021   0.000000     0.000392   0.000000   )
 (  0.198266   0.000000     0.303102   0.000000     0.000282   0.000000   )
 (  0.198328   0.000000     0.303198   0.000000    -0.000282   0.000000   )
     freq (   23) =      17.414426 [THz] =     580.882710 [cm-1]
 ( -0.073205   0.000000    -0.101416   0.000000    -0.003929   0.000000   )
 ( -0.073205   0.000000    -0.101416   0.000000     0.003929   0.000000   )
 (  0.177986   0.000000     0.228004   0.000000    -0.000001   0.000000   )
 (  0.177947   0.000000     0.227958   0.000000     0.000001   0.000000   )
 ( -0.205479   0.000000     0.247093   0.000000    -0.000008   0.000000   )
 ( -0.205432   0.000000     0.247052   0.000000     0.000008   0.000000   )
 (  0.317811   0.000000    -0.039679   0.000000    -0.000004   0.000000   )
 (  0.317870   0.000000    -0.039692   0.000000     0.000004   0.000000   )
 ( -0.178746   0.000000    -0.254642   0.000000    -0.025483   0.000000   )
 ( -0.178700   0.000000    -0.254580   0.000000     0.025475   0.000000   )
 ( -0.178702   0.000000    -0.254586   0.000000    -0.025472   0.000000   )
 ( -0.178747   0.000000    -0.254647   0.000000     0.025481   0.000000   )
     freq (   24) =      17.503689 [THz] =     583.860213 [cm-1]
 ( -0.000024   0.000000     0.000005   0.000000    -0.000013   0.000000   )
 ( -0.000021   0.000000     0.000001   0.000000     0.000018   0.000000   )
 ( -0.185066   0.000000    -0.200725   0.000000    -0.000002   0.000000   )
 (  0.185233   0.000000     0.200670   0.000000    -0.000002   0.000000   )
 (  0.215333   0.000000    -0.189662   0.000000     0.000011   0.000000   )
 ( -0.215511   0.000000     0.189607   0.000000     0.000011   0.000000   )
 (  0.278475   0.000000    -0.039011   0.000000    -0.000009   0.000000   )
 ( -0.278391   0.000000     0.039179   0.000000    -0.000009   0.000000   )
 (  0.216929   0.000000     0.286346   0.000000     0.054085   0.000000   )
 ( -0.217016   0.000000    -0.286351   0.000000     0.054270   0.000000   )
 ( -0.217013   0.000000    -0.286359   0.000000    -0.054270   0.000000   )
 (  0.216926   0.000000     0.286354   0.000000    -0.054085   0.000000   )
     freq (   25) =      17.513724 [THz] =     584.194950 [cm-1]
 ( -0.051838   0.000000     0.046131   0.000000    -0.054627   0.000000   )
 ( -0.051838   0.000000     0.046131   0.000000     0.054627   0.000000   )
 (  0.227860   0.000000    -0.178182   0.000000     0.000011   0.000000   )
 (  0.227787   0.000000    -0.178332   0.000000    -0.000010   0.000000   )
 ( -0.236727   0.000000    -0.189110   0.000000    -0.000013   0.000000   )
 ( -0.236638   0.000000    -0.189255   0.000000     0.000013   0.000000   )
 (  0.028716   0.000000     0.301857   0.000000     0.000008   0.000000   )
 (  0.028879   0.000000     0.301782   0.000000    -0.000008   0.000000   )
 ( -0.084702   0.000000     0.086397   0.000000    -0.312639   0.000000   )
 ( -0.084588   0.000000     0.086586   0.000000     0.312666   0.000000   )
 ( -0.084559   0.000000     0.086567   0.000000    -0.312670   0.000000   )
 ( -0.084673   0.000000     0.086377   0.000000     0.312643   0.000000   )
     freq (   26) =      17.695812 [THz] =     590.268754 [cm-1]
 ( -0.000000   0.000000     0.000000   0.000000     0.000006   0.000000   )
 (  0.000009   0.000000    -0.000007   0.000000    -0.000006   0.000000   )
 ( -0.206254   0.000000     0.187631   0.000000    -0.000005   0.000000   )
 (  0.206212   0.000000    -0.187601   0.000000    -0.000005   0.000000   )
 (  0.206158   0.000000     0.190685   0.000000     0.000012   0.000000   )
 ( -0.206117   0.000000    -0.190654   0.000000     0.000012   0.000000   )
 (  0.006807   0.000000     0.292952   0.000000     0.000004   0.000000   )
 ( -0.006816   0.000000    -0.293004   0.000000     0.000004   0.000000   )
 (  0.084178   0.000000    -0.124970   0.000000     0.325715   0.000000   )
 ( -0.084159   0.000000     0.124956   0.000000     0.325661   0.000000   )
 ( -0.084141   0.000000     0.124943   0.000000    -0.325660   0.000000   )
 (  0.084159   0.000000    -0.124957   0.000000    -0.325714   0.000000   )
     freq (   27) =      19.765657 [THz] =     659.311340 [cm-1]
 (  0.113354  -0.000000    -0.074426   0.000000     0.015702  -0.000000   )
 ( -0.113354   0.000000     0.074426  -0.000000     0.015702  -0.000000   )
 ( -0.000010   0.000000     0.000004  -0.000000     0.266726  -0.000000   )
 (  0.000010   0.000000    -0.000004   0.000000     0.266906   0.000000   )
 (  0.000003  -0.000000     0.000010  -0.000000    -0.328978   0.000000   )
 ( -0.000003   0.000000    -0.000010   0.000000    -0.329230   0.000000   )
 (  0.000009   0.000000     0.000007   0.000000    -0.329503   0.000000   )
 ( -0.000009   0.000000    -0.000007   0.000000    -0.329251   0.000000   )
 ( -0.256974   0.000000     0.168218  -0.000000     0.047689  -0.000000   )
 (  0.257177   0.000000    -0.168351   0.000000     0.047747   0.000000   )
 ( -0.257189   0.000000     0.168357   0.000000     0.047734   0.000000   )
 (  0.256986  -0.000000    -0.168223   0.000000     0.047675  -0.000000   )
     freq (   28) =      20.051578 [THz] =     668.848643 [cm-1]
 ( -0.000047   0.000000     0.000031   0.000000    -0.000009   0.000000   )
 (  0.000040   0.000000    -0.000025   0.000000    -0.000001   0.000000   )
 (  0.000011   0.000000    -0.000007   0.000000    -0.227397   0.000000   )
 (  0.000011   0.000000    -0.000007   0.000000     0.227204   0.000000   )
 ( -0.000007   0.000000    -0.000009   0.000000     0.351922   0.000000   )
 ( -0.000007   0.000000    -0.000009   0.000000    -0.351681   0.000000   )
 (  0.000004   0.000000     0.000010   0.000000    -0.351876   0.000000   )
 (  0.000004   0.000000     0.000010   0.000000     0.352117   0.000000   )
 (  0.257004   0.000000    -0.168255   0.000000    -0.077715   0.000000   )
 (  0.256825   0.000000    -0.168138   0.000000     0.077678   0.000000   )
 ( -0.256836   0.000000     0.168146   0.000000     0.077656   0.000000   )
 ( -0.257015   0.000000     0.168262   0.000000    -0.077694   0.000000   )
     freq (   29) =      30.869948 [THz] =    1029.710640 [cm-1]
 (  0.037037   0.000000    -0.024495   0.000000    -0.023614   0.000000   )
 (  0.037037   0.000000    -0.024495   0.000000     0.023614   0.000000   )
 ( -0.116815   0.000000     0.073674   0.000000     0.000001   0.000000   )
 ( -0.117037   0.000000     0.073825   0.000000    -0.000001   0.000000   )
 (  0.012570   0.000000    -0.437998   0.000000    -0.000005   0.000000   )
 (  0.012582   0.000000    -0.438820   0.000000     0.000005   0.000000   )
 (  0.411506   0.000000     0.166738   0.000000    -0.000000   0.000000   )
 (  0.410756   0.000000     0.166428   0.000000     0.000000   0.000000   )
 ( -0.123081   0.000000     0.080990   0.000000     0.151079   0.000000   )
 ( -0.123292   0.000000     0.081129   0.000000    -0.151342   0.000000   )
 ( -0.123292   0.000000     0.081128   0.000000     0.151341   0.000000   )
 ( -0.123081   0.000000     0.080989   0.000000    -0.151079   0.000000   )
     freq (   30) =      30.901163 [THz] =    1030.751854 [cm-1]
 (  0.000034   0.000000    -0.000023   0.000000    -0.000022   0.000000   )
 (  0.000034   0.000000    -0.000022   0.000000     0.000020   0.000000   )
 ( -0.126446   0.000000     0.085463   0.000000     0.000003   0.000000   )
 (  0.126225   0.000000    -0.085323   0.000000     0.000003   0.000000   )
 (  0.007127   0.000000    -0.451794   0.000000    -0.000009   0.000000   )
 ( -0.007103   0.000000     0.450987   0.000000    -0.000009   0.000000   )
 ( -0.412091   0.000000    -0.169802   0.000000    -0.000002   0.000000   )
 (  0.412848   0.000000     0.170108   0.000000    -0.000002   0.000000   )
 ( -0.111802   0.000000     0.073463   0.000000     0.138350   0.000000   )
 (  0.111581   0.000000    -0.073318   0.000000     0.138080   0.000000   )
 (  0.111579   0.000000    -0.073315   0.000000    -0.138077   0.000000   )
 ( -0.111800   0.000000     0.073461   0.000000    -0.138347   0.000000   )
     freq (   31) =      31.400367 [THz] =    1047.403489 [cm-1]
 (  0.000000   0.000000     0.000000   0.000000    -0.000001   0.000000   )
 (  0.000000   0.000000     0.000001   0.000000    -0.000001   0.000000   )
 ( -0.201199   0.000000    -0.302901   0.000000    -0.000000   0.000000   )
 (  0.201194   0.000000     0.302894   0.000000    -0.000000   0.000000   )
 ( -0.022640   0.000000     0.424941   0.000000    -0.000002   0.000000   )
 (  0.022639   0.000000    -0.424930   0.000000    -0.000002   0.000000   )
 ( -0.405406   0.000000    -0.149227   0.000000     0.000003   0.000000   )
 (  0.405416   0.000000     0.149231   0.000000     0.000004   0.000000   )
 ( -0.003488   0.000000    -0.004372   0.000000     0.000539   0.000000   )
 (  0.003488   0.000000     0.004371   0.000000     0.000539   0.000000   )
 (  0.003489   0.000000     0.004371   0.000000    -0.000540   0.000000   )
 ( -0.003489   0.000000    -0.004372   0.000000    -0.000539   0.000000   )
     freq (   32) =      32.082865 [THz] =    1070.169192 [cm-1]
 ( -0.025213   0.000000    -0.038953   0.000000    -0.000319   0.000000   )
 ( -0.025213   0.000000    -0.038953   0.000000     0.000319   0.000000   )
 (  0.206366   0.000000     0.315583   0.000000     0.000001   0.000000   )
 (  0.206371   0.000000     0.315591   0.000000    -0.000001   0.000000   )
 (  0.020575   0.000000    -0.424596   0.000000     0.000003   0.000000   )
 (  0.020575   0.000000    -0.424606   0.000000    -0.000003   0.000000   )
 ( -0.391537   0.000000    -0.147118   0.000000     0.000002   0.000000   )
 ( -0.391528   0.000000    -0.147114   0.000000    -0.000002   0.000000   )
 ( -0.002135   0.000000    -0.000906   0.000000     0.001202   0.000000   )
 ( -0.002136   0.000000    -0.000907   0.000000    -0.001202   0.000000   )
 ( -0.002135   0.000000    -0.000907   0.000000     0.001200   0.000000   )
 ( -0.002134   0.000000    -0.000906   0.000000    -0.001200   0.000000   )
     freq (   33) =      35.594947 [THz] =    1187.319612 [cm-1]
 ( -0.000005   0.000000     0.000004   0.000000     0.000040   0.000000   )
 ( -0.000005   0.000000     0.000004   0.000000    -0.000040   0.000000   )
 (  0.262932   0.000000    -0.173270   0.000000     0.000011   0.000000   )
 ( -0.263497   0.000000     0.173641   0.000000     0.000011   0.000000   )
 ( -0.017561   0.000000     0.080083   0.000000    -0.000004   0.000000   )
 (  0.017579   0.000000    -0.080324   0.000000    -0.000004   0.000000   )
 (  0.078970   0.000000     0.015610   0.000000    -0.000003   0.000000   )
 ( -0.078743   0.000000    -0.015532   0.000000    -0.000003   0.000000   )
 ( -0.219184   0.000000     0.143858   0.000000     0.352949   0.000000   )
 (  0.219636   0.000000    -0.144155   0.000000     0.353668   0.000000   )
 (  0.219647   0.000000    -0.144161   0.000000    -0.353683   0.000000   )
 ( -0.219195   0.000000     0.143864   0.000000    -0.352965   0.000000   )
     freq (   34) =      35.859439 [THz] =    1196.142127 [cm-1]
 ( -0.005149   0.000000     0.003708   0.000000     0.037800   0.000000   )
 ( -0.005149   0.000000     0.003708   0.000000    -0.037800   0.000000   )
 ( -0.266862   0.000000     0.175347   0.000000    -0.000006   0.000000   )
 ( -0.266311   0.000000     0.174984   0.000000     0.000006   0.000000   )
 (  0.007893   0.000000    -0.107384   0.000000     0.000003   0.000000   )
 (  0.007856   0.000000    -0.107226   0.000000    -0.000003   0.000000   )
 (  0.101215   0.000000     0.034353   0.000000    -0.000002   0.000000   )
 (  0.101371   0.000000     0.034383   0.000000     0.000002   0.000000   )
 (  0.216997   0.000000    -0.142379   0.000000    -0.346298   0.000000   )
 (  0.216532   0.000000    -0.142074   0.000000     0.345547   0.000000   )
 (  0.216536   0.000000    -0.142076   0.000000    -0.345552   0.000000   )
 (  0.217001   0.000000    -0.142381   0.000000     0.346303   0.000000   )
     freq (   35) =      37.390410 [THz] =    1247.209817 [cm-1]
 (  0.004675   0.000000    -0.003033   0.000000     0.003799   0.000000   )
 ( -0.004675   0.000000     0.003033   0.000000     0.003799   0.000000   )
 (  0.000006   0.000000    -0.000004   0.000000    -0.354235   0.000000   )
 ( -0.000006   0.000000     0.000004   0.000000    -0.354358   0.000000   )
 ( -0.000000   0.000000     0.000002   0.000000    -0.001592   0.000000   )
 (  0.000000   0.000000    -0.000002   0.000000    -0.001576   0.000000   )
 (  0.000002   0.000000     0.000001   0.000000    -0.001584   0.000000   )
 ( -0.000002   0.000000    -0.000001   0.000000    -0.001601   0.000000   )
 ( -0.208722   0.000000     0.136936   0.000000     0.353336   0.000000   )
 (  0.208785   0.000000    -0.136977   0.000000     0.353453   0.000000   )
 ( -0.208774   0.000000     0.136969   0.000000     0.353431   0.000000   )
 (  0.208711   0.000000    -0.136928   0.000000     0.353314   0.000000   )
     freq (   36) =      39.352456 [THz] =    1312.656639 [cm-1]
 (  0.000000   0.000000    -0.000000   0.000000     0.000000   0.000000   )
 ( -0.000000   0.000000     0.000000   0.000000     0.000001   0.000000   )
 (  0.000003   0.000000    -0.000002   0.000000    -0.369231   0.000000   )
 (  0.000003   0.000000    -0.000002   0.000000     0.369112   0.000000   )
 ( -0.000000   0.000000     0.000001   0.000000     0.042919   0.000000   )
 ( -0.000000   0.000000     0.000001   0.000000    -0.042919   0.000000   )
 ( -0.000001   0.000000    -0.000000   0.000000    -0.042918   0.000000   )
 ( -0.000001   0.000000    -0.000000   0.000000     0.042918   0.000000   )
 ( -0.195108   0.000000     0.128038   0.000000     0.354429   0.000000   )
 ( -0.195038   0.000000     0.127992   0.000000    -0.354311   0.000000   )
 (  0.195033   0.000000    -0.127988   0.000000    -0.354300   0.000000   )
 (  0.195104   0.000000    -0.128034   0.000000     0.354418   0.000000   )
 **************************************************************************
