     diagonalizing the dynamical matrix ...

 q =       0.0000      0.0000      0.0000
 **************************************************************************
     freq (    1) =      -3.763100 [THz] =    -125.523493 [cm-1]
 ( -0.000002   0.000000     0.000001   0.000000     0.000000   0.000000   )
 (  0.003806   0.000000     0.002007   0.000000    -0.001714   0.000000   )
 ( -0.003806   0.000000    -0.002010   0.000000     0.001715   0.000000   )
 (  0.003497   0.000000     0.001354   0.000000    -0.001967   0.000000   )
 ( -0.003498   0.000000    -0.001356   0.000000     0.001967   0.000000   )
 (  0.216718   0.000000    -0.344193   0.000000     0.002078   0.000000   )
 ( -0.383124   0.000000    -0.001803   0.000000     0.158502   0.000000   )
 (  0.153335   0.000000     0.339831   0.000000    -0.153702   0.000000   )
 ( -0.153325   0.000000    -0.339809   0.000000     0.153698   0.000000   )
 ( -0.216708   0.000000     0.344177   0.000000    -0.002078   0.000000   )
 (  0.003663   0.000000    -0.000131   0.000000    -0.001638   0.000000   )
 ( -0.003659   0.000000     0.000125   0.000000     0.001637   0.000000   )
 (  0.383101   0.000000     0.001805   0.000000    -0.158497   0.000000   )
     freq (    2) =      -0.509669 [THz] =     -17.000734 [cm-1]
 (  0.384175   0.000000     0.288348   0.000000    -0.064643   0.000000   )
 (  0.127799   0.000000     0.101648   0.000000     0.101318   0.000000   )
 (  0.127799   0.000000     0.101647   0.000000     0.101318   0.000000   )
 (  0.155632   0.000000     0.125294   0.000000     0.073725   0.000000   )
 (  0.155632   0.000000     0.125294   0.000000     0.073725   0.000000   )
 (  0.190693   0.000000     0.273103   0.000000     0.184712   0.000000   )
 (  0.273051   0.000000     0.132241   0.000000    -0.061004   0.000000   )
 (  0.130410   0.000000     0.055562   0.000000     0.025656   0.000000   )
 (  0.130407   0.000000     0.055557   0.000000     0.025660   0.000000   )
 (  0.190688   0.000000     0.273109   0.000000     0.184712   0.000000   )
 ( -0.044161   0.000000    -0.012889   0.000000     0.191190   0.000000   )
 ( -0.044163   0.000000    -0.012887   0.000000     0.191190   0.000000   )
 (  0.273056   0.000000     0.132241   0.000000    -0.061008   0.000000   )
     freq (    3) =      -0.310848 [THz] =     -10.368785 [cm-1]
 (  0.249017   0.000000    -0.248408   0.000000    -0.068729   0.000000   )
 (  0.167275   0.000000    -0.187641   0.000000    -0.049775   0.000000   )
 (  0.167275   0.000000    -0.187641   0.000000    -0.049775   0.000000   )
 (  0.172037   0.000000    -0.194733   0.000000    -0.050816   0.000000   )
 (  0.172036   0.000000    -0.194733   0.000000    -0.050816   0.000000   )
 (  0.243473   0.000000    -0.278256   0.000000    -0.035697   0.000000   )
 (  0.110785   0.000000    -0.197607   0.000000     0.005724   0.000000   )
 (  0.203301   0.000000    -0.136621   0.000000    -0.131589   0.000000   )
 (  0.203303   0.000000    -0.136619   0.000000    -0.131591   0.000000   )
 (  0.243475   0.000000    -0.278259   0.000000    -0.035697   0.000000   )
 (  0.102602   0.000000    -0.147029   0.000000    -0.034922   0.000000   )
 (  0.102603   0.000000    -0.147030   0.000000    -0.034922   0.000000   )
 (  0.110782   0.000000    -0.197607   0.000000     0.005726   0.000000   )
     freq (    4) =      -0.212169 [THz] =      -7.077197 [cm-1]
 (  0.017477   0.000000    -0.164457   0.000000     0.253212   0.000000   )
 ( -0.052029   0.000000    -0.094229   0.000000     0.257092   0.000000   )
 ( -0.052029   0.000000    -0.094230   0.000000     0.257092   0.000000   )
 ( -0.035408   0.000000    -0.085741   0.000000     0.254115   0.000000   )
 ( -0.035408   0.000000    -0.085740   0.000000     0.254115   0.000000   )
 ( -0.055358   0.000000    -0.060910   0.000000     0.251177   0.000000   )
 (  0.032900   0.000000    -0.088395   0.000000     0.269604   0.000000   )
 ( -0.059195   0.000000    -0.146820   0.000000     0.239340   0.000000   )
 ( -0.059196   0.000000    -0.146822   0.000000     0.239342   0.000000   )
 ( -0.055361   0.000000    -0.060907   0.000000     0.251177   0.000000   )
 ( -0.076194   0.000000    -0.014613   0.000000     0.252179   0.000000   )
 ( -0.076194   0.000000    -0.014612   0.000000     0.252179   0.000000   )
 (  0.032902   0.000000    -0.088395   0.000000     0.269602   0.000000   )
     freq (    5) =       0.571953 [THz] =      19.078304 [cm-1]
 (  0.221089   0.000000    -0.089262   0.000000    -0.191493   0.000000   )
 ( -0.150156   0.000000    -0.055153   0.000000    -0.048980   0.000000   )
 ( -0.150156   0.000000    -0.055154   0.000000    -0.048980   0.000000   )
 ( -0.123786   0.000000    -0.062003   0.000000    -0.058753   0.000000   )
 ( -0.123786   0.000000    -0.062002   0.000000    -0.058752   0.000000   )
 ( -0.129198   0.000000     0.138845   0.000000     0.046893   0.000000   )
 (  0.141397   0.000000    -0.063152   0.000000    -0.152198   0.000000   )
 ( -0.206912   0.000000    -0.274604   0.000000    -0.135584   0.000000   )
 ( -0.206917   0.000000    -0.274612   0.000000    -0.135576   0.000000   )
 ( -0.129207   0.000000     0.138859   0.000000     0.046893   0.000000   )
 ( -0.419375   0.000000    -0.040487   0.000000     0.056510   0.000000   )
 ( -0.419378   0.000000    -0.040483   0.000000     0.056511   0.000000   )
 (  0.141408   0.000000    -0.063150   0.000000    -0.152206   0.000000   )
     freq (    6) =       0.847744 [THz] =      28.277682 [cm-1]
 ( -0.109227   0.000000     0.379833   0.000000    -0.089276   0.000000   )
 ( -0.034956   0.000000    -0.146342   0.000000     0.029301   0.000000   )
 ( -0.034956   0.000000    -0.146341   0.000000     0.029300   0.000000   )
 ( -0.044609   0.000000    -0.108903   0.000000     0.013923   0.000000   )
 ( -0.044609   0.000000    -0.108904   0.000000     0.013923   0.000000   )
 (  0.012418   0.000000    -0.048498   0.000000     0.095298   0.000000   )
 ( -0.188683   0.000000    -0.090056   0.000000    -0.178786   0.000000   )
 (  0.016384   0.000000     0.049725   0.000000     0.077897   0.000000   )
 (  0.016386   0.000000     0.049730   0.000000     0.077892   0.000000   )
 (  0.012423   0.000000    -0.048506   0.000000     0.095299   0.000000   )
 (  0.005545   0.000000    -0.523385   0.000000     0.101664   0.000000   )
 (  0.005547   0.000000    -0.523387   0.000000     0.101663   0.000000   )
 ( -0.188690   0.000000    -0.090057   0.000000    -0.178781   0.000000   )
     freq (    7) =       1.202907 [THz] =      40.124670 [cm-1]
 (  0.158760   0.000000    -0.005484   0.000000    -0.064666   0.000000   )
 ( -0.079603   0.000000     0.044585   0.000000     0.029676   0.000000   )
 ( -0.079603   0.000000     0.044586   0.000000     0.029676   0.000000   )
 ( -0.060282   0.000000     0.034501   0.000000     0.016713   0.000000   )
 ( -0.060283   0.000000     0.034500   0.000000     0.016713   0.000000   )
 (  0.199293   0.000000    -0.250950   0.000000     0.081290   0.000000   )
 ( -0.338235   0.000000     0.031906   0.000000     0.152906   0.000000   )
 (  0.072026   0.000000     0.301644   0.000000    -0.222713   0.000000   )
 (  0.072032   0.000000     0.301654   0.000000    -0.222720   0.000000   )
 (  0.199303   0.000000    -0.250966   0.000000     0.081290   0.000000   )
 ( -0.254485   0.000000     0.069401   0.000000     0.086638   0.000000   )
 ( -0.254485   0.000000     0.069397   0.000000     0.086638   0.000000   )
 ( -0.338249   0.000000     0.031904   0.000000     0.152915   0.000000   )
     freq (    8) =       3.817720 [THz] =     127.345445 [cm-1]
 ( -0.030452   0.000000     0.029721   0.000000     0.003337   0.000000   )
 (  0.362960   0.000000    -0.340109   0.000000    -0.057360   0.000000   )
 (  0.362963   0.000000    -0.340116   0.000000    -0.057359   0.000000   )
 ( -0.107194   0.000000     0.101387   0.000000     0.016356   0.000000   )
 ( -0.107193   0.000000     0.101385   0.000000     0.016356   0.000000   )
 ( -0.158967   0.000000     0.186615   0.000000     0.024697   0.000000   )
 ( -0.176592   0.000000     0.112075   0.000000     0.056452   0.000000   )
 ( -0.111705   0.000000     0.125985   0.000000    -0.012881   0.000000   )
 ( -0.111705   0.000000     0.125988   0.000000    -0.012882   0.000000   )
 ( -0.158968   0.000000     0.186616   0.000000     0.024697   0.000000   )
 ( -0.220000   0.000000     0.201191   0.000000     0.036222   0.000000   )
 ( -0.219999   0.000000     0.201190   0.000000     0.036222   0.000000   )
 ( -0.176594   0.000000     0.112076   0.000000     0.056453   0.000000   )
     freq (    9) =       3.837953 [THz] =     128.020336 [cm-1]
 (  0.012154   0.000000     0.023915   0.000000    -0.036809   0.000000   )
 ( -0.294768   0.000000    -0.349521   0.000000     0.204313   0.000000   )
 ( -0.294767   0.000000    -0.349525   0.000000     0.204315   0.000000   )
 (  0.080749   0.000000     0.099384   0.000000    -0.073730   0.000000   )
 (  0.080750   0.000000     0.099384   0.000000    -0.073730   0.000000   )
 (  0.067949   0.000000     0.117786   0.000000    -0.096779   0.000000   )
 (  0.151123   0.000000     0.110394   0.000000    -0.090067   0.000000   )
 (  0.127076   0.000000     0.192045   0.000000    -0.111236   0.000000   )
 (  0.127075   0.000000     0.192047   0.000000    -0.111238   0.000000   )
 (  0.067950   0.000000     0.117784   0.000000    -0.096779   0.000000   )
 (  0.171251   0.000000     0.202788   0.000000    -0.139584   0.000000   )
 (  0.171254   0.000000     0.202787   0.000000    -0.139584   0.000000   )
 (  0.151120   0.000000     0.110395   0.000000    -0.090065   0.000000   )
     freq (   10) =       4.531562 [THz] =     151.156653 [cm-1]
 ( -0.000000   0.000000     0.000000   0.000000     0.000000   0.000000   )
 ( -0.336476   0.000000     0.047040   0.000000     0.134357   0.000000   )
 (  0.336474   0.000000    -0.047037   0.000000    -0.134358   0.000000   )
 ( -0.237600   0.000000     0.022288   0.000000     0.078171   0.000000   )
 (  0.237601   0.000000    -0.022289   0.000000    -0.078171   0.000000   )
 (  0.258897   0.000000    -0.081318   0.000000    -0.107905   0.000000   )
 (  0.312839   0.000000    -0.024154   0.000000    -0.099749   0.000000   )
 (  0.267528   0.000000     0.015405   0.000000    -0.075524   0.000000   )
 ( -0.267527   0.000000    -0.015405   0.000000     0.075523   0.000000   )
 ( -0.258896   0.000000     0.081315   0.000000     0.107905   0.000000   )
 ( -0.170543   0.000000     0.006074   0.000000     0.056035   0.000000   )
 (  0.170544   0.000000    -0.006075   0.000000    -0.056035   0.000000   )
 ( -0.312839   0.000000     0.024153   0.000000     0.099750   0.000000   )
     freq (   11) =       4.614438 [THz] =     153.921079 [cm-1]
 (  0.000000   0.000000    -0.000001   0.000000     0.000000   0.000000   )
 ( -0.007550   0.000000    -0.329377   0.000000     0.111443   0.000000   )
 (  0.007551   0.000000     0.329372   0.000000    -0.111442   0.000000   )
 ( -0.001235   0.000000    -0.255558   0.000000     0.051451   0.000000   )
 (  0.001234   0.000000     0.255559   0.000000    -0.051451   0.000000   )
 ( -0.024020   0.000000     0.286859   0.000000    -0.066795   0.000000   )
 (  0.032374   0.000000     0.266021   0.000000    -0.009583   0.000000   )
 (  0.018857   0.000000     0.301381   0.000000    -0.105519   0.000000   )
 ( -0.018857   0.000000    -0.301379   0.000000     0.105519   0.000000   )
 (  0.024017   0.000000    -0.286855   0.000000     0.066795   0.000000   )
 (  0.017880   0.000000    -0.218890   0.000000     0.035939   0.000000   )
 ( -0.017881   0.000000     0.218893   0.000000    -0.035940   0.000000   )
 ( -0.032373   0.000000    -0.266020   0.000000     0.009581   0.000000   )
     freq (   12) =       5.416425 [THz] =     180.672500 [cm-1]
 ( -0.000002   0.000000     0.000002   0.000000     0.000000   0.000000   )
 ( -0.110500   0.000000    -0.004257   0.000000     0.043854   0.000000   )
 (  0.110500   0.000000     0.004256   0.000000    -0.043853   0.000000   )
 (  0.086380   0.000000     0.016324   0.000000    -0.036626   0.000000   )
 ( -0.086379   0.000000    -0.016324   0.000000     0.036626   0.000000   )
 (  0.146943   0.000000     0.052702   0.000000     0.267358   0.000000   )
 (  0.058604   0.000000    -0.011539   0.000000    -0.076132   0.000000   )
 ( -0.063961   0.000000    -0.035092   0.000000    -0.262251   0.000000   )
 (  0.063962   0.000000     0.035091   0.000000     0.262249   0.000000   )
 ( -0.146940   0.000000    -0.052705   0.000000    -0.267358   0.000000   )
 (  0.494153   0.000000     0.073381   0.000000    -0.218853   0.000000   )
 ( -0.494153   0.000000    -0.073380   0.000000     0.218853   0.000000   )
 ( -0.058603   0.000000     0.011538   0.000000     0.076132   0.000000   )
     freq (   13) =       5.439526 [THz] =     181.443048 [cm-1]
 ( -0.000002   0.000000     0.000003   0.000000     0.000000   0.000000   )
 ( -0.020840   0.000000     0.131697   0.000000    -0.030633   0.000000   )
 (  0.020840   0.000000    -0.131697   0.000000     0.030633   0.000000   )
 (  0.024976   0.000000    -0.075518   0.000000     0.009492   0.000000   )
 ( -0.024976   0.000000     0.075518   0.000000    -0.009492   0.000000   )
 ( -0.018641   0.000000    -0.116759   0.000000    -0.105479   0.000000   )
 (  0.128518   0.000000     0.038990   0.000000     0.305967   0.000000   )
 ( -0.095857   0.000000    -0.131619   0.000000    -0.152453   0.000000   )
 (  0.095859   0.000000     0.131620   0.000000     0.152449   0.000000   )
 (  0.018645   0.000000     0.116752   0.000000     0.105478   0.000000   )
 (  0.116578   0.000000    -0.516765   0.000000     0.087856   0.000000   )
 ( -0.116577   0.000000     0.516765   0.000000    -0.087857   0.000000   )
 ( -0.128520   0.000000    -0.038991   0.000000    -0.305964   0.000000   )
     freq (   14) =       6.141071 [THz] =     204.844085 [cm-1]
 ( -0.000001   0.000000     0.000000   0.000000     0.000001   0.000000   )
 (  0.258025   0.000000     0.104043   0.000000    -0.270692   0.000000   )
 ( -0.258024   0.000000    -0.104042   0.000000     0.270691   0.000000   )
 ( -0.201444   0.000000    -0.098293   0.000000     0.007835   0.000000   )
 (  0.201444   0.000000     0.098293   0.000000    -0.007835   0.000000   )
 (  0.314508   0.000000     0.157251   0.000000     0.086724   0.000000   )
 (  0.217968   0.000000     0.114228   0.000000    -0.125788   0.000000   )
 (  0.221080   0.000000     0.079985   0.000000    -0.167516   0.000000   )
 ( -0.221079   0.000000    -0.079986   0.000000     0.167514   0.000000   )
 ( -0.314506   0.000000    -0.157253   0.000000    -0.086723   0.000000   )
 ( -0.008740   0.000000    -0.015414   0.000000    -0.088479   0.000000   )
 (  0.008738   0.000000     0.015414   0.000000     0.088480   0.000000   )
 ( -0.217967   0.000000    -0.114229   0.000000     0.125789   0.000000   )
     freq (   15) =       6.250111 [THz] =     208.481255 [cm-1]
 (  0.000003   0.000000    -0.000004   0.000000    -0.000001   0.000000   )
 ( -0.244648   0.000000     0.277484   0.000000    -0.143434   0.000000   )
 (  0.244647   0.000000    -0.277480   0.000000     0.143433   0.000000   )
 (  0.070773   0.000000    -0.190927   0.000000    -0.089342   0.000000   )
 ( -0.070773   0.000000     0.190926   0.000000     0.089343   0.000000   )
 ( -0.131565   0.000000     0.234772   0.000000     0.058407   0.000000   )
 ( -0.179487   0.000000     0.225964   0.000000    -0.084128   0.000000   )
 ( -0.066953   0.000000     0.275936   0.000000     0.190441   0.000000   )
 (  0.066953   0.000000    -0.275934   0.000000    -0.190436   0.000000   )
 (  0.131561   0.000000    -0.234766   0.000000    -0.058406   0.000000   )
 ( -0.053550   0.000000     0.002469   0.000000    -0.084753   0.000000   )
 (  0.053554   0.000000    -0.002475   0.000000     0.084753   0.000000   )
 (  0.179485   0.000000    -0.225963   0.000000     0.084124   0.000000   )
     freq (   16) =       6.359327 [THz] =     212.124323 [cm-1]
 (  0.000003   0.000000    -0.000003   0.000000    -0.000000   0.000000   )
 (  0.193184   0.000000     0.295939   0.000000     0.338451   0.000000   )
 ( -0.193185   0.000000    -0.295938   0.000000    -0.338451   0.000000   )
 (  0.072210   0.000000    -0.042545   0.000000     0.252860   0.000000   )
 ( -0.072211   0.000000     0.042545   0.000000    -0.252860   0.000000   )
 (  0.022854   0.000000     0.132187   0.000000    -0.126052   0.000000   )
 ( -0.057914   0.000000     0.058605   0.000000    -0.239762   0.000000   )
 ( -0.045779   0.000000     0.121273   0.000000    -0.138464   0.000000   )
 (  0.045779   0.000000    -0.121271   0.000000     0.138468   0.000000   )
 ( -0.022857   0.000000    -0.132184   0.000000     0.126051   0.000000   )
 (  0.085357   0.000000     0.063465   0.000000     0.210098   0.000000   )
 ( -0.085355   0.000000    -0.063469   0.000000    -0.210098   0.000000   )
 (  0.057912   0.000000    -0.058604   0.000000     0.239759   0.000000   )
     freq (   17) =       6.869404 [THz] =     229.138642 [cm-1]
 ( -0.003387   0.000000    -0.453643   0.000000     0.072910   0.000000   )
 (  0.007578   0.000000     0.036141   0.000000     0.014559   0.000000   )
 (  0.007577   0.000000     0.036145   0.000000     0.014561   0.000000   )
 ( -0.000402   0.000000     0.055835   0.000000    -0.010378   0.000000   )
 ( -0.000401   0.000000     0.055832   0.000000    -0.010377   0.000000   )
 (  0.005006   0.000000     0.280524   0.000000     0.093562   0.000000   )
 ( -0.104118   0.000000     0.110887   0.000000    -0.299071   0.000000   )
 (  0.075142   0.000000     0.279658   0.000000     0.031690   0.000000   )
 (  0.075142   0.000000     0.279667   0.000000     0.031694   0.000000   )
 (  0.005005   0.000000     0.280527   0.000000     0.093561   0.000000   )
 (  0.010078   0.000000    -0.313756   0.000000     0.078606   0.000000   )
 (  0.010073   0.000000    -0.313751   0.000000     0.078607   0.000000   )
 ( -0.104126   0.000000     0.110890   0.000000    -0.299075   0.000000   )
     freq (   18) =       6.898609 [THz] =     230.112817 [cm-1]
 ( -0.448383   0.000000     0.016579   0.000000     0.134222   0.000000   )
 (  0.034440   0.000000     0.003784   0.000000     0.002388   0.000000   )
 (  0.034441   0.000000     0.003780   0.000000     0.002385   0.000000   )
 (  0.055803   0.000000    -0.003463   0.000000    -0.015434   0.000000   )
 (  0.055801   0.000000    -0.003461   0.000000    -0.015435   0.000000   )
 (  0.281105   0.000000    -0.005354   0.000000     0.140550   0.000000   )
 (  0.272662   0.000000    -0.007333   0.000000    -0.084851   0.000000   )
 (  0.094806   0.000000    -0.038450   0.000000    -0.305752   0.000000   )
 (  0.094806   0.000000    -0.038455   0.000000    -0.305757   0.000000   )
 (  0.281108   0.000000    -0.005356   0.000000     0.140552   0.000000   )
 ( -0.294998   0.000000     0.025084   0.000000     0.117275   0.000000   )
 ( -0.294993   0.000000     0.025079   0.000000     0.117272   0.000000   )
 (  0.272668   0.000000    -0.007335   0.000000    -0.084848   0.000000   )
     freq (   19) =       7.613119 [THz] =     253.946317 [cm-1]
 ( -0.260466   0.000000    -0.159562   0.000000    -0.713387   0.000000   )
 ( -0.030304   0.000000    -0.018845   0.000000    -0.077206   0.000000   )
 ( -0.030304   0.000000    -0.018844   0.000000    -0.077205   0.000000   )
 (  0.085302   0.000000     0.053793   0.000000     0.219650   0.000000   )
 (  0.085303   0.000000     0.053793   0.000000     0.219649   0.000000   )
 (  0.022072   0.000000     0.009748   0.000000     0.155179   0.000000   )
 (  0.048118   0.000000     0.064305   0.000000     0.169450   0.000000   )
 (  0.077771   0.000000     0.008657   0.000000     0.164750   0.000000   )
 (  0.077771   0.000000     0.008658   0.000000     0.164751   0.000000   )
 (  0.022071   0.000000     0.009749   0.000000     0.155179   0.000000   )
 (  0.089106   0.000000     0.061516   0.000000     0.168588   0.000000   )
 (  0.089106   0.000000     0.061516   0.000000     0.168587   0.000000   )
 (  0.048118   0.000000     0.064305   0.000000     0.169450   0.000000   )
     freq (   20) =       8.557932 [THz] =     285.461900 [cm-1]
 (  0.093969   0.000000     0.049840   0.000000     0.274613   0.000000   )
 ( -0.194985   0.000000    -0.128201   0.000000    -0.474512   0.000000   )
 ( -0.194976   0.000000    -0.128195   0.000000    -0.474491   0.000000   )
 (  0.037282   0.000000     0.028032   0.000000     0.077271   0.000000   )
 (  0.037274   0.000000     0.028028   0.000000     0.077249   0.000000   )
 (  0.128240   0.000000     0.088727   0.000000     0.197432   0.000000   )
 (  0.088222   0.000000     0.028792   0.000000     0.171889   0.000000   )
 (  0.067569   0.000000     0.100685   0.000000     0.185825   0.000000   )
 (  0.067577   0.000000     0.100689   0.000000     0.185846   0.000000   )
 (  0.128248   0.000000     0.088730   0.000000     0.197454   0.000000   )
 (  0.030212   0.000000     0.004940   0.000000     0.131340   0.000000   )
 (  0.030203   0.000000     0.004938   0.000000     0.131320   0.000000   )
 (  0.088229   0.000000     0.028797   0.000000     0.171909   0.000000   )
     freq (   21) =       8.576795 [THz] =     286.091095 [cm-1]
 (  0.000003   0.000000     0.000001   0.000000     0.000007   0.000000   )
 (  0.113816   0.000000     0.072745   0.000000     0.271530   0.000000   )
 ( -0.113827   0.000000    -0.072752   0.000000    -0.271557   0.000000   )
 ( -0.093635   0.000000    -0.046380   0.000000    -0.273798   0.000000   )
 (  0.093637   0.000000     0.046382   0.000000     0.273802   0.000000   )
 (  0.083984   0.000000     0.038268   0.000000     0.271221   0.000000   )
 (  0.091169   0.000000     0.051388   0.000000     0.274133   0.000000   )
 (  0.095132   0.000000     0.033473   0.000000     0.264421   0.000000   )
 ( -0.095128   0.000000    -0.033467   0.000000    -0.264410   0.000000   )
 ( -0.083976   0.000000    -0.038263   0.000000    -0.271209   0.000000   )
 ( -0.090301   0.000000    -0.056010   0.000000    -0.250159   0.000000   )
 (  0.090303   0.000000     0.056010   0.000000     0.250166   0.000000   )
 ( -0.091165   0.000000    -0.051386   0.000000    -0.274123   0.000000   )
     freq (   22) =      11.590156 [THz] =     386.605973 [cm-1]
 ( -0.000000   0.000000     0.000000   0.000000    -0.000000   0.000000   )
 (  0.043265   0.000000     0.014480   0.000000    -0.020674   0.000000   )
 ( -0.043265   0.000000    -0.014479   0.000000     0.020674   0.000000   )
 (  0.029646   0.000000     0.009953   0.000000    -0.014573   0.000000   )
 ( -0.029646   0.000000    -0.009953   0.000000     0.014573   0.000000   )
 ( -0.223301   0.000000    -0.210683   0.000000    -0.269067   0.000000   )
 (  0.325625   0.000000    -0.020019   0.000000     0.016495   0.000000   )
 (  0.095514   0.000000     0.310650   0.000000     0.154024   0.000000   )
 ( -0.095513   0.000000    -0.310648   0.000000    -0.154022   0.000000   )
 (  0.223299   0.000000     0.210681   0.000000     0.269065   0.000000   )
 (  0.257269   0.000000     0.100600   0.000000    -0.131508   0.000000   )
 ( -0.257271   0.000000    -0.100599   0.000000     0.131509   0.000000   )
 ( -0.325622   0.000000     0.020018   0.000000    -0.016496   0.000000   )
     freq (   23) =      11.606469 [THz] =     387.150131 [cm-1]
 ( -0.000000   0.000000    -0.000000   0.000000     0.000000   0.000000   )
 (  0.016827   0.000000    -0.039763   0.000000     0.003972   0.000000   )
 ( -0.016827   0.000000     0.039763   0.000000    -0.003972   0.000000   )
 (  0.011542   0.000000    -0.027633   0.000000     0.001506   0.000000   )
 ( -0.011543   0.000000     0.027633   0.000000    -0.001507   0.000000   )
 (  0.213166   0.000000    -0.231548   0.000000     0.049838   0.000000   )
 ( -0.048737   0.000000     0.055365   0.000000    -0.395724   0.000000   )
 ( -0.069237   0.000000    -0.045180   0.000000     0.366008   0.000000   )
 (  0.069237   0.000000     0.045181   0.000000    -0.366006   0.000000   )
 ( -0.213165   0.000000     0.231547   0.000000    -0.049838   0.000000   )
 (  0.120003   0.000000    -0.279125   0.000000     0.023189   0.000000   )
 ( -0.120004   0.000000     0.279125   0.000000    -0.023190   0.000000   )
 (  0.048737   0.000000    -0.055365   0.000000     0.395723   0.000000   )
     freq (   24) =      13.285562 [THz] =     443.158657 [cm-1]
 ( -0.002972   0.000000     0.000731   0.000000    -0.000125   0.000000   )
 (  0.006501   0.000000    -0.000596   0.000000    -0.001536   0.000000   )
 (  0.006501   0.000000    -0.000596   0.000000    -0.001536   0.000000   )
 (  0.039925   0.000000    -0.001259   0.000000    -0.014556   0.000000   )
 (  0.039925   0.000000    -0.001259   0.000000    -0.014555   0.000000   )
 ( -0.136853   0.000000    -0.259525   0.000000    -0.282483   0.000000   )
 (  0.233645   0.000000     0.002589   0.000000    -0.121536   0.000000   )
 (  0.095107   0.000000     0.245437   0.000000     0.323139   0.000000   )
 (  0.095107   0.000000     0.245440   0.000000     0.323142   0.000000   )
 ( -0.136854   0.000000    -0.259528   0.000000    -0.282485   0.000000   )
 ( -0.277064   0.000000     0.012917   0.000000     0.110720   0.000000   )
 ( -0.277062   0.000000     0.012918   0.000000     0.110719   0.000000   )
 (  0.233647   0.000000     0.002590   0.000000    -0.121537   0.000000   )
     freq (   25) =      13.303713 [THz] =     443.764113 [cm-1]
 (  0.000697   0.000000    -0.003548   0.000000     0.000299   0.000000   )
 ( -0.000249   0.000000     0.005946   0.000000    -0.001567   0.000000   )
 ( -0.000249   0.000000     0.005946   0.000000    -0.001567   0.000000   )
 ( -0.002153   0.000000     0.043031   0.000000    -0.009942   0.000000   )
 ( -0.002153   0.000000     0.043032   0.000000    -0.009942   0.000000   )
 ( -0.256852   0.000000     0.097821   0.000000    -0.181555   0.000000   )
 (  0.182410   0.000000    -0.016380   0.000000     0.411079   0.000000   )
 (  0.064715   0.000000     0.122386   0.000000    -0.279252   0.000000   )
 (  0.064716   0.000000     0.122386   0.000000    -0.279252   0.000000   )
 ( -0.256852   0.000000     0.097821   0.000000    -0.181555   0.000000   )
 (  0.013420   0.000000    -0.290866   0.000000     0.070971   0.000000   )
 (  0.013420   0.000000    -0.290865   0.000000     0.070971   0.000000   )
 (  0.182410   0.000000    -0.016380   0.000000     0.411081   0.000000   )
     freq (   26) =      15.767983 [THz] =     525.963290 [cm-1]
 (  0.047229   0.000000    -0.039972   0.000000    -0.008229   0.000000   )
 (  0.037393   0.000000    -0.029799   0.000000    -0.007640   0.000000   )
 (  0.037393   0.000000    -0.029799   0.000000    -0.007639   0.000000   )
 ( -0.233300   0.000000     0.191984   0.000000     0.048147   0.000000   )
 ( -0.233305   0.000000     0.191989   0.000000     0.048148   0.000000   )
 (  0.136272   0.000000    -0.325238   0.000000     0.084348   0.000000   )
 (  0.275296   0.000000     0.192031   0.000000    -0.060148   0.000000   )
 ( -0.301403   0.000000     0.036653   0.000000    -0.053315   0.000000   )
 ( -0.301397   0.000000     0.036653   0.000000    -0.053312   0.000000   )
 (  0.136268   0.000000    -0.325231   0.000000     0.084346   0.000000   )
 (  0.187803   0.000000    -0.151290   0.000000    -0.034217   0.000000   )
 (  0.187810   0.000000    -0.151296   0.000000    -0.034218   0.000000   )
 (  0.275291   0.000000     0.192028   0.000000    -0.060148   0.000000   )
     freq (   27) =      15.792496 [THz] =     526.780969 [cm-1]
 ( -0.032139   0.000000    -0.046156   0.000000     0.026454   0.000000   )
 ( -0.026407   0.000000    -0.035990   0.000000     0.019278   0.000000   )
 ( -0.026407   0.000000    -0.035990   0.000000     0.019278   0.000000   )
 (  0.162988   0.000000     0.227212   0.000000    -0.126302   0.000000   )
 (  0.162990   0.000000     0.227214   0.000000    -0.126303   0.000000   )
 (  0.206308   0.000000    -0.015549   0.000000    -0.235109   0.000000   )
 ( -0.194983   0.000000     0.226112   0.000000     0.146290   0.000000   )
 ( -0.089042   0.000000    -0.321970   0.000000     0.149795   0.000000   )
 ( -0.089042   0.000000    -0.321969   0.000000     0.149794   0.000000   )
 (  0.206307   0.000000    -0.015547   0.000000    -0.235106   0.000000   )
 ( -0.128810   0.000000    -0.179952   0.000000     0.099646   0.000000   )
 ( -0.128812   0.000000    -0.179955   0.000000     0.099647   0.000000   )
 ( -0.194982   0.000000     0.226110   0.000000     0.146289   0.000000   )
     freq (   28) =      16.255502 [THz] =     542.225186 [cm-1]
 ( -0.000001   0.000000     0.000000   0.000000    -0.000000   0.000000   )
 (  0.012614   0.000000    -0.001183   0.000000    -0.004131   0.000000   )
 ( -0.012615   0.000000     0.001184   0.000000     0.004131   0.000000   )
 (  0.261491   0.000000    -0.044207   0.000000    -0.100278   0.000000   )
 ( -0.261488   0.000000     0.044204   0.000000     0.100273   0.000000   )
 (  0.057691   0.000000    -0.221114   0.000000     0.211038   0.000000   )
 (  0.316296   0.000000     0.041188   0.000000    -0.111772   0.000000   )
 ( -0.179890   0.000000     0.140474   0.000000    -0.188551   0.000000   )
 (  0.179895   0.000000    -0.140473   0.000000     0.188556   0.000000   )
 ( -0.057689   0.000000     0.221122   0.000000    -0.211039   0.000000   )
 ( -0.324461   0.000000     0.051680   0.000000     0.113366   0.000000   )
 (  0.324456   0.000000    -0.051679   0.000000    -0.113368   0.000000   )
 ( -0.316300   0.000000    -0.041194   0.000000     0.111777   0.000000   )
     freq (   29) =      16.279370 [THz] =     543.021347 [cm-1]
 (  0.032230   0.000000     0.021592   0.000000     0.077419   0.000000   )
 ( -0.022405   0.000000    -0.014208   0.000000    -0.052401   0.000000   )
 ( -0.022405   0.000000    -0.014208   0.000000    -0.052402   0.000000   )
 (  0.111318   0.000000     0.068550   0.000000     0.265847   0.000000   )
 (  0.111314   0.000000     0.068553   0.000000     0.265848   0.000000   )
 ( -0.244437   0.000000    -0.152154   0.000000    -0.153819   0.000000   )
 ( -0.121221   0.000000     0.124310   0.000000    -0.287469   0.000000   )
 (  0.069650   0.000000    -0.156675   0.000000    -0.288481   0.000000   )
 (  0.069654   0.000000    -0.156675   0.000000    -0.288479   0.000000   )
 ( -0.244439   0.000000    -0.152149   0.000000    -0.153820   0.000000   )
 (  0.096900   0.000000     0.062406   0.000000     0.244512   0.000000   )
 (  0.096904   0.000000     0.062403   0.000000     0.244512   0.000000   )
 ( -0.121224   0.000000     0.124307   0.000000    -0.287468   0.000000   )
     freq (   30) =      16.310184 [THz] =     544.049167 [cm-1]
 ( -0.000000   0.000000     0.000000   0.000000    -0.000000   0.000000   )
 ( -0.001283   0.000000    -0.009814   0.000000     0.003024   0.000000   )
 (  0.001283   0.000000     0.009814   0.000000    -0.003023   0.000000   )
 ( -0.015005   0.000000    -0.270493   0.000000     0.081127   0.000000   )
 (  0.015006   0.000000     0.270489   0.000000    -0.081129   0.000000   )
 (  0.193507   0.000000    -0.192814   0.000000    -0.169059   0.000000   )
 (  0.010042   0.000000     0.234582   0.000000     0.168599   0.000000   )
 ( -0.211687   0.000000    -0.250936   0.000000     0.075879   0.000000   )
 (  0.211691   0.000000     0.250941   0.000000    -0.075876   0.000000   )
 ( -0.193508   0.000000     0.192819   0.000000     0.169060   0.000000   )
 (  0.022113   0.000000     0.332697   0.000000    -0.091897   0.000000   )
 ( -0.022115   0.000000    -0.332694   0.000000     0.091895   0.000000   )
 ( -0.010044   0.000000    -0.234588   0.000000    -0.168598   0.000000   )
     freq (   31) =      18.449873 [THz] =     615.421530 [cm-1]
 ( -0.000000   0.000000    -0.000000   0.000000    -0.000000   0.000000   )
 (  0.022323   0.000000     0.014283   0.000000     0.053182   0.000000   )
 ( -0.022323   0.000000    -0.014283   0.000000    -0.053182   0.000000   )
 ( -0.088511   0.000000    -0.057796   0.000000    -0.198598   0.000000   )
 (  0.088511   0.000000     0.057795   0.000000     0.198597   0.000000   )
 ( -0.264501   0.000000    -0.168149   0.000000    -0.174371   0.000000   )
 ( -0.129581   0.000000     0.140482   0.000000    -0.299793   0.000000   )
 (  0.073405   0.000000    -0.175172   0.000000    -0.299780   0.000000   )
 ( -0.073405   0.000000     0.175173   0.000000     0.299781   0.000000   )
 (  0.264501   0.000000     0.168150   0.000000     0.174371   0.000000   )
 ( -0.087261   0.000000    -0.055834   0.000000    -0.232674   0.000000   )
 (  0.087261   0.000000     0.055834   0.000000     0.232674   0.000000   )
 (  0.129581   0.000000    -0.140483   0.000000     0.299793   0.000000   )
     freq (   32) =      29.736132 [THz] =     991.890598 [cm-1]
 (  0.004502   0.000000     0.002921   0.000000     0.010755   0.000000   )
 (  0.001081   0.000000     0.000742   0.000000     0.001974   0.000000   )
 (  0.001080   0.000000     0.000742   0.000000     0.001973   0.000000   )
 ( -0.029914   0.000000    -0.019897   0.000000    -0.069288   0.000000   )
 ( -0.029899   0.000000    -0.019905   0.000000    -0.069285   0.000000   )
 ( -0.224707   0.000000    -0.144425   0.000000     0.268657   0.000000   )
 (  0.012982   0.000000     0.380066   0.000000     0.032458   0.000000   )
 (  0.350510   0.000000    -0.145178   0.000000     0.032230   0.000000   )
 (  0.350566   0.000000    -0.145200   0.000000     0.032237   0.000000   )
 ( -0.224724   0.000000    -0.144435   0.000000     0.268679   0.000000   )
 ( -0.089688   0.000000    -0.057697   0.000000    -0.219657   0.000000   )
 ( -0.089676   0.000000    -0.057690   0.000000    -0.219628   0.000000   )
 (  0.012982   0.000000     0.380091   0.000000     0.032461   0.000000   )
     freq (   33) =      29.968149 [THz] =     999.629865 [cm-1]
 (  0.000000   0.000000    -0.000000   0.000000    -0.000001   0.000000   )
 (  0.003934   0.000000     0.002605   0.000000     0.009936   0.000000   )
 ( -0.003934   0.000000    -0.002605   0.000000    -0.009937   0.000000   )
 ( -0.020861   0.000000    -0.016020   0.000000    -0.038557   0.000000   )
 (  0.020851   0.000000     0.016031   0.000000     0.038566   0.000000   )
 (  0.204224   0.000000     0.131351   0.000000    -0.259805   0.000000   )
 ( -0.017795   0.000000    -0.367510   0.000000    -0.043949   0.000000   )
 ( -0.337185   0.000000     0.135289   0.000000    -0.043488   0.000000   )
 (  0.337169   0.000000    -0.135282   0.000000     0.043488   0.000000   )
 ( -0.204196   0.000000    -0.131333   0.000000     0.259771   0.000000   )
 ( -0.116723   0.000000    -0.074938   0.000000    -0.284317   0.000000   )
 (  0.116733   0.000000     0.074944   0.000000     0.284341   0.000000   )
 (  0.017791   0.000000     0.367458   0.000000     0.043943   0.000000   )
     freq (   34) =      31.165849 [THz] =    1039.580829 [cm-1]
 ( -0.000001   0.000000     0.000003   0.000000    -0.000001   0.000000   )
 (  0.002136   0.000000    -0.002578   0.000000    -0.000267   0.000000   )
 ( -0.002137   0.000000     0.002581   0.000000     0.000266   0.000000   )
 ( -0.217089   0.000000     0.294950   0.000000     0.011407   0.000000   )
 (  0.217133   0.000000    -0.295107   0.000000    -0.011382   0.000000   )
 ( -0.007918   0.000000    -0.030563   0.000000     0.023333   0.000000   )
 (  0.026090   0.000000     0.404687   0.000000     0.034490   0.000000   )
 ( -0.413914   0.000000     0.160447   0.000000    -0.039585   0.000000   )
 (  0.413764   0.000000    -0.160388   0.000000     0.039565   0.000000   )
 (  0.007969   0.000000     0.030597   0.000000    -0.023399   0.000000   )
 ( -0.002100   0.000000     0.001457   0.000000    -0.001795   0.000000   )
 (  0.002106   0.000000    -0.001452   0.000000     0.001810   0.000000   )
 ( -0.026078   0.000000    -0.404495   0.000000    -0.034466   0.000000   )
     freq (   35) =      31.182012 [THz] =    1040.119945 [cm-1]
 (  0.000001   0.000000    -0.000001   0.000000    -0.000000   0.000000   )
 (  0.002603   0.000000     0.001937   0.000000    -0.001640   0.000000   )
 ( -0.002602   0.000000    -0.001938   0.000000     0.001640   0.000000   )
 ( -0.262196   0.000000    -0.199016   0.000000     0.159670   0.000000   )
 (  0.262147   0.000000     0.199069   0.000000    -0.159663   0.000000   )
 ( -0.294839   0.000000    -0.187658   0.000000     0.357508   0.000000   )
 (  0.005796   0.000000    -0.267098   0.000000    -0.032087   0.000000   )
 ( -0.184112   0.000000     0.095254   0.000000    -0.026827   0.000000   )
 (  0.184190   0.000000    -0.095284   0.000000     0.026838   0.000000   )
 (  0.294854   0.000000     0.187667   0.000000    -0.357526   0.000000   )
 (  0.001140   0.000000     0.000609   0.000000     0.008853   0.000000   )
 ( -0.001138   0.000000    -0.000608   0.000000    -0.008848   0.000000   )
 ( -0.005801   0.000000     0.267021   0.000000     0.032078   0.000000   )
     freq (   36) =      31.381251 [THz] =    1046.765875 [cm-1]
 ( -0.007549   0.000000     0.013649   0.000000    -0.000466   0.000000   )
 ( -0.003190   0.000000     0.005877   0.000000    -0.000375   0.000000   )
 ( -0.003190   0.000000     0.005876   0.000000    -0.000375   0.000000   )
 (  0.179052   0.000000    -0.327350   0.000000     0.012672   0.000000   )
 (  0.179007   0.000000    -0.327184   0.000000     0.012645   0.000000   )
 (  0.021910   0.000000     0.014446   0.000000    -0.028371   0.000000   )
 (  0.022046   0.000000     0.437582   0.000000     0.054860   0.000000   )
 ( -0.373151   0.000000     0.148710   0.000000    -0.050270   0.000000   )
 ( -0.373279   0.000000     0.148756   0.000000    -0.050281   0.000000   )
 (  0.021952   0.000000     0.014462   0.000000    -0.028417   0.000000   )
 (  0.000119   0.000000     0.000955   0.000000     0.001012   0.000000   )
 (  0.000126   0.000000     0.000960   0.000000     0.001029   0.000000   )
 (  0.022055   0.000000     0.437824   0.000000     0.054882   0.000000   )
     freq (   37) =      31.401288 [THz] =    1047.434219 [cm-1]
 ( -0.012585   0.000000    -0.006583   0.000000     0.006913   0.000000   )
 ( -0.005096   0.000000    -0.002681   0.000000     0.002991   0.000000   )
 ( -0.005096   0.000000    -0.002681   0.000000     0.002991   0.000000   )
 (  0.296629   0.000000     0.156181   0.000000    -0.161655   0.000000   )
 (  0.296668   0.000000     0.156158   0.000000    -0.161666   0.000000   )
 ( -0.279934   0.000000    -0.179925   0.000000     0.360704   0.000000   )
 ( -0.010338   0.000000    -0.208158   0.000000    -0.026312   0.000000   )
 ( -0.254738   0.000000     0.101320   0.000000    -0.034521   0.000000   )
 ( -0.254674   0.000000     0.101293   0.000000    -0.034514   0.000000   )
 ( -0.279921   0.000000    -0.179915   0.000000     0.360687   0.000000   )
 ( -0.001728   0.000000    -0.001101   0.000000    -0.003247   0.000000   )
 ( -0.001724   0.000000    -0.001099   0.000000    -0.003237   0.000000   )
 ( -0.010340   0.000000    -0.208180   0.000000    -0.026313   0.000000   )
     freq (   38) =      33.814826 [THz] =    1127.941191 [cm-1]
 (  0.000000   0.000000     0.000000   0.000000     0.000000   0.000000   )
 ( -0.001509   0.000000    -0.001081   0.000000    -0.003661   0.000000   )
 (  0.001509  -0.000000     0.001081  -0.000000     0.003661  -0.000000   )
 (  0.134255  -0.000000     0.085817  -0.000000     0.330006  -0.000000   )
 ( -0.134255   0.000000    -0.085812   0.000000    -0.329996   0.000000   )
 ( -0.065103   0.000000    -0.041594   0.000000     0.109868  -0.000000   )
 (  0.013358  -0.000000     0.127530  -0.000000     0.032641  -0.000000   )
 (  0.122197  -0.000000    -0.041003   0.000000     0.032693  -0.000000   )
 ( -0.122193   0.000000     0.041002  -0.000000    -0.032693   0.000000   )
 (  0.065105  -0.000000     0.041596  -0.000000    -0.109870   0.000000   )
 ( -0.205629   0.000000    -0.132111   0.000000    -0.502731   0.000000   )
 (  0.205622  -0.000000     0.132106  -0.000000     0.502713  -0.000000   )
 ( -0.013357   0.000000    -0.127535   0.000000    -0.032641   0.000000   )
     freq (   39) =      33.937922 [THz] =    1132.047238 [cm-1]
 (  0.008827   0.000000     0.005580   0.000000     0.021554   0.000000   )
 ( -0.003726   0.000000    -0.002316   0.000000    -0.009702   0.000000   )
 ( -0.003727   0.000000    -0.002316   0.000000    -0.009703   0.000000   )
 (  0.123116   0.000000     0.078739   0.000000     0.304039   0.000000   )
 (  0.123122   0.000000     0.078741   0.000000     0.304048   0.000000   )
 (  0.057706   0.000000     0.037021   0.000000    -0.053680   0.000000   )
 (  0.001024   0.000000    -0.084187   0.000000     0.002638   0.000000   )
 ( -0.076663   0.000000     0.036004   0.000000     0.002620   0.000000   )
 ( -0.076656   0.000000     0.036001   0.000000     0.002621   0.000000   )
 (  0.057705   0.000000     0.037020   0.000000    -0.053677   0.000000   )
 ( -0.221838   0.000000    -0.142297   0.000000    -0.542653   0.000000   )
 ( -0.221844   0.000000    -0.142300   0.000000    -0.542667   0.000000   )
 (  0.001025   0.000000    -0.084184   0.000000     0.002639   0.000000   )
 **************************************************************************
