     diagonalizing the dynamical matrix ...

 q =       0.0000      0.0000      0.0000
 **************************************************************************
     freq (    1) =      -9.679426 [THz] =    -322.870903 [cm-1]
 ( -0.008848   0.000000     0.000000   0.000000    -0.000000   0.000000   )
 ( -0.704137   0.000000    -0.027128   0.000000    -0.018143   0.000000   )
 ( -0.704137   0.000000     0.027129   0.000000     0.018143   0.000000   )
 (  0.055446   0.000000    -0.001735   0.000000     0.003201   0.000000   )
 (  0.055446   0.000000     0.001735   0.000000    -0.003201   0.000000   )
     freq (    2) =      -6.228679 [THz] =    -207.766383 [cm-1]
 (  0.000000   0.000000     0.014384   0.000000    -0.005436   0.000000   )
 (  0.023549   0.000000     0.702443   0.000000    -0.043777   0.000000   )
 ( -0.023548   0.000000     0.702443   0.000000    -0.043777   0.000000   )
 (  0.004055   0.000000    -0.062275   0.000000     0.009507   0.000000   )
 ( -0.004055   0.000000    -0.062275   0.000000     0.009507   0.000000   )
     freq (    3) =      -0.000478 [THz] =      -0.015956 [cm-1]
 ( -0.000072   0.000000     0.447060   0.000000    -0.011649   0.000000   )
 ( -0.000071   0.000000     0.447066   0.000000    -0.011607   0.000000   )
 ( -0.000073   0.000000     0.447066   0.000000    -0.011607   0.000000   )
 ( -0.000074   0.000000     0.447060   0.000000    -0.011607   0.000000   )
 ( -0.000070   0.000000     0.447060   0.000000    -0.011607   0.000000   )
     freq (    4) =      -0.000251 [THz] =      -0.008364 [cm-1]
 (  0.447212   0.000000     0.000084   0.000000     0.000456   0.000000   )
 (  0.447217   0.000000     0.000086   0.000000     0.000470   0.000000   )
 (  0.447216   0.000000     0.000082   0.000000     0.000442   0.000000   )
 (  0.447211   0.000000     0.000086   0.000000     0.000471   0.000000   )
 (  0.447211   0.000000     0.000082   0.000000     0.000441   0.000000   )
     freq (    5) =       0.000950 [THz] =       0.031682 [cm-1]
 ( -0.000458   0.000000     0.011674   0.000000     0.447060   0.000000   )
 ( -0.000412   0.000000     0.012096   0.000000     0.447039   0.000000   )
 ( -0.000504   0.000000     0.012096   0.000000     0.447039   0.000000   )
 ( -0.000503   0.000000     0.011545   0.000000     0.447075   0.000000   )
 ( -0.000413   0.000000     0.011545   0.000000     0.447075   0.000000   )
     freq (    6) =       6.964923 [THz] =     232.324811 [cm-1]
 (  0.006083   0.000000    -0.000000   0.000000     0.000000   0.000000   )
 (  0.017767   0.000000     0.005526   0.000000    -0.014713   0.000000   )
 (  0.017767   0.000000    -0.005526   0.000000     0.014713   0.000000   )
 ( -0.008736   0.000000    -0.705832   0.000000     0.033820   0.000000   )
 ( -0.008737   0.000000     0.705832   0.000000    -0.033820   0.000000   )
     freq (    7) =       7.084019 [THz] =     236.297448 [cm-1]
 (  0.000000   0.000000     0.010946   0.000000     0.008173   0.000000   )
 ( -0.084899   0.000000     0.043284   0.000000     0.005102   0.000000   )
 (  0.084899   0.000000     0.043284   0.000000     0.005102   0.000000   )
 ( -0.700297   0.000000    -0.016443   0.000000    -0.010635   0.000000   )
 (  0.700297   0.000000    -0.016441   0.000000    -0.010635   0.000000   )
     freq (    8) =       8.438766 [THz] =     281.486919 [cm-1]
 ( -0.328090   0.000000     0.000000   0.000000     0.000000   0.000000   )
 (  0.551230   0.000000     0.027046   0.000000     0.000867   0.000000   )
 (  0.551230   0.000000    -0.027046   0.000000    -0.000867   0.000000   )
 (  0.376209   0.000000    -0.007403   0.000000    -0.001904   0.000000   )
 (  0.376209   0.000000     0.007403   0.000000     0.001904   0.000000   )
     freq (    9) =       8.545829 [THz] =     285.058180 [cm-1]
 (  0.000000   0.000000     0.293885   0.000000    -0.010233   0.000000   )
 ( -0.019151   0.000000    -0.588022   0.000000     0.028094   0.000000   )
 (  0.019151   0.000000    -0.588022   0.000000     0.028094   0.000000   )
 (  0.011079   0.000000    -0.331050   0.000000     0.010987   0.000000   )
 ( -0.011079   0.000000    -0.331050   0.000000     0.010987   0.000000   )
     freq (   10) =      10.228140 [THz] =     341.174011 [cm-1]
 (  0.000000   0.000000     0.015552   0.000000     0.389376   0.000000   )
 (  0.067637   0.000000     0.085961   0.000000    -0.447402   0.000000   )
 ( -0.067637   0.000000     0.085961   0.000000    -0.447400   0.000000   )
 (  0.013171   0.000000    -0.024850   0.000000    -0.459511   0.000000   )
 ( -0.013171   0.000000    -0.024850   0.000000    -0.459509   0.000000   )
     freq (   11) =      11.045027 [THz] =     368.422451 [cm-1]
 (  0.000910   0.000000     0.000000   0.000000    -0.000000   0.000000   )
 ( -0.020610   0.000000    -0.041875   0.000000    -0.498693   0.000000   )
 ( -0.020610   0.000000     0.041875   0.000000     0.498694   0.000000   )
 (  0.000177   0.000000    -0.023280   0.000000    -0.498582   0.000000   )
 (  0.000177   0.000000     0.023280   0.000000     0.498583   0.000000   )
     freq (   12) =      15.665826 [THz] =     522.555695 [cm-1]
 ( -0.001035   0.000000    -0.000000   0.000000     0.000000  -0.000000   )
 (  0.025759   0.000000    -0.704843   0.000000     0.050310   0.000000   )
 (  0.025759  -0.000000     0.704843  -0.000000    -0.050310   0.000000   )
 ( -0.000327   0.000000    -0.000356   0.000000     0.000506   0.000000   )
 ( -0.000327   0.000000     0.000356   0.000000    -0.000506   0.000000   )
     freq (   13) =      17.905770 [THz] =     597.272201 [cm-1]
 (  0.000000   0.000000     0.000592   0.000000    -0.002667   0.000000   )
 (  0.706296   0.000000    -0.021742   0.000000     0.025206   0.000000   )
 ( -0.706296   0.000000    -0.021743   0.000000     0.025206   0.000000   )
 ( -0.005537   0.000000     0.000628   0.000000     0.001749   0.000000   )
 (  0.005537   0.000000     0.000628   0.000000     0.001749   0.000000   )
     freq (   14) =     117.342214 [THz] =    3914.114954 [cm-1]
 (  0.000008  -0.000000     0.000000   0.000000     0.000000   0.000000   )
 (  0.021402   0.000000    -0.048953   0.000000    -0.703679   0.000000   )
 (  0.021402  -0.000000     0.048953  -0.000000     0.703677  -0.000000   )
 ( -0.001358   0.000000     0.003078   0.000000     0.044403   0.000000   )
 ( -0.001358   0.000000    -0.003078   0.000000    -0.044403   0.000000   )
     freq (   15) =     118.025778 [THz] =    3936.916172 [cm-1]
 ( -0.000000   0.000000     0.000027   0.000000     0.000758   0.000000   )
 (  0.021728   0.000000    -0.049344   0.000000    -0.703703   0.000000   )
 ( -0.021728   0.000000    -0.049344   0.000000    -0.703704   0.000000   )
 ( -0.001401   0.000000     0.003075   0.000000     0.043387   0.000000   )
 (  0.001401   0.000000     0.003075   0.000000     0.043387   0.000000   )
 **************************************************************************
